#
# There is insufficient memory for the Java Runtime Environment to continue.
# Native memory allocation (mmap) failed to map 65536 bytes for Failed to commit metaspace.
# Possible reasons:
#   The system is out of physical RAM or swap space
#   The process is running with CompressedOops enabled, and the Java Heap may be blocking the growth of the native heap
# Possible solutions:
#   Reduce memory load on the system
#   Increase physical memory or swap space
#   Check if swap backing store is full
#   Decrease Java heap size (-Xmx/-Xms)
#   Decrease number of Java threads
#   Decrease Java thread stack sizes (-Xss)
#   Set larger code cache with -XX:ReservedCodeCacheSize=
#   JVM is running with Unscaled Compressed Oops mode in which the Java heap is
#     placed in the first 4GB address space. The Java Heap base address is the
#     maximum limit for the native heap growth. Please use -XX:HeapBaseMinAddress
#     to set the Java Heap base and to place the Java Heap above 4GB virtual address.
# This output file may be truncated or incomplete.
#
#  Out of Memory Error (virtualSpaceNode.cpp:110), pid=5164, tid=11284
#
# JRE version: OpenJDK Runtime Environment Temurin-17.0.8.1+1 (17.0.8.1+1) (build 17.0.8.1+1)
# Java VM: OpenJDK 64-Bit Server VM Temurin-17.0.8.1+1 (17.0.8.1+1, mixed mode, emulated-client, tiered, compressed oops, compressed class ptrs, g1 gc, windows-amd64)
# No core dump will be written. Minidumps are not enabled by default on client versions of Windows
#

---------------  S U M M A R Y ------------

Command Line: -XX:+HeapDumpOnOutOfMemoryError -Xmx1024m -Dsts.lsp.client=vscode -Dsts.log.file=/dev/null -XX:TieredStopAtLevel=1 -Xlog:jni+resolve=off -Dspring.config.location=file:c:\Users\Chanet Lanka\.vscode\extensions\vmware.vscode-spring-boot-1.49.0\language-server\BOOT-INF\classes\application.properties org.springframework.ide.vscode.boot.app.BootLanguageServerBootApp

Host: AMD A6-9225 RADEON R4, 5 COMPUTE CORES 2C+3G   , 2 cores, 3G,  Windows 10 , 64 bit Build 19041 (10.0.19041.3570)
Time: Fri Oct 20 00:26:28 2023 Sri Lanka Standard Time elapsed time: 28.041776 seconds (0d 0h 0m 28s)

---------------  T H R E A D  ---------------

Current thread (0x0000022cffc42840):  JavaThread "main" [_thread_in_vm, id=11284, stack(0x000000e08f900000,0x000000e08fa00000)]

Stack: [0x000000e08f900000,0x000000e08fa00000]
Native frames: (J=compiled Java code, j=interpreted, Vv=VM code, C=native code)
V  [jvm.dll+0x678b0a]
V  [jvm.dll+0x835e84]
V  [jvm.dll+0x83762e]
V  [jvm.dll+0x837c93]
V  [jvm.dll+0x24746f]
V  [jvm.dll+0x831f1b]
V  [jvm.dll+0x61d3c6]
V  [jvm.dll+0x1c1aae]
V  [jvm.dll+0x61fd21]
V  [jvm.dll+0x61dd66]
V  [jvm.dll+0x23b9ff]
V  [jvm.dll+0x627c05]
V  [jvm.dll+0x1eb90b]
V  [jvm.dll+0x1ebe45]
V  [jvm.dll+0x1ec87f]
V  [jvm.dll+0x1e1d21]
V  [jvm.dll+0x53fba0]
V  [jvm.dll+0x7b1278]
V  [jvm.dll+0x7b1364]
V  [jvm.dll+0x40ecc5]
V  [jvm.dll+0x414e18]
C  [java.dll+0x17ec]

Java frames: (J=compiled Java code, j=interpreted, Vv=VM code)
J 881  java.lang.ClassLoader.defineClass1(Ljava/lang/ClassLoader;Ljava/lang/String;[BIILjava/security/ProtectionDomain;Ljava/lang/String;)Ljava/lang/Class; java.base@17.0.8.1 (0 bytes) @ 0x0000022c82eab7db [0x0000022c82eab720+0x00000000000000bb]
J 886 c1 java.lang.ClassLoader.defineClass(Ljava/lang/String;[BIILjava/security/ProtectionDomain;)Ljava/lang/Class; java.base@17.0.8.1 (43 bytes) @ 0x0000022c82eacddc [0x0000022c82eacce0+0x00000000000000fc]
J 785 c1 jdk.internal.loader.BuiltinClassLoader.defineClass(Ljava/lang/String;Ljdk/internal/loader/Resource;)Ljava/lang/Class; java.base@17.0.8.1 (121 bytes) @ 0x0000022c82dfa6c4 [0x0000022c82dfa220+0x00000000000004a4]
J 682 c1 jdk.internal.loader.BuiltinClassLoader.findClassOnClassPathOrNull(Ljava/lang/String;)Ljava/lang/Class; java.base@17.0.8.1 (64 bytes) @ 0x0000022c82dd1dc4 [0x0000022c82dd1b20+0x00000000000002a4]
J 578 c1 jdk.internal.loader.BuiltinClassLoader.loadClassOrNull(Ljava/lang/String;Z)Ljava/lang/Class; java.base@17.0.8.1 (143 bytes) @ 0x0000022c82da05c4 [0x0000022c82da0180+0x0000000000000444]
J 647 c1 jdk.internal.loader.ClassLoaders$AppClassLoader.loadClass(Ljava/lang/String;Z)Ljava/lang/Class; java.base@17.0.8.1 (40 bytes) @ 0x0000022c82dbff24 [0x0000022c82dbfde0+0x0000000000000144]
J 646 c1 java.lang.ClassLoader.loadClass(Ljava/lang/String;)Ljava/lang/Class; java.base@17.0.8.1 (7 bytes) @ 0x0000022c82dbfae4 [0x0000022c82dbfaa0+0x0000000000000044]
v  ~StubRoutines::call_stub
J 1712  java.lang.Class.getDeclaredConstructors0(Z)[Ljava/lang/reflect/Constructor; java.base@17.0.8.1 (0 bytes) @ 0x0000022c82f538db [0x0000022c82f538a0+0x000000000000003b]
J 1441 c1 java.lang.Class.privateGetDeclaredConstructors(Z)[Ljava/lang/reflect/Constructor; java.base@17.0.8.1 (79 bytes) @ 0x0000022c82e19a94 [0x0000022c82e19960+0x0000000000000134]
j  java.lang.Class.getConstructor0([Ljava/lang/Class;I)Ljava/lang/reflect/Constructor;+14 java.base@17.0.8.1
j  java.lang.Class.getDeclaredConstructor([Ljava/lang/Class;)Ljava/lang/reflect/Constructor;+24 java.base@17.0.8.1
j  org.codehaus.groovy.vmplugin.VMPluginFactory.lambda$createPlugin$0(Ljava/lang/String;Ljava/lang/String;)Lorg/codehaus/groovy/vmplugin/VMPlugin;+21
j  org.codehaus.groovy.vmplugin.VMPluginFactory$$Lambda$331+0x00000001002d2dd8.run()Ljava/lang/Object;+8
J 1045 c1 java.security.AccessController.doPrivileged(Ljava/security/PrivilegedAction;)Ljava/lang/Object; java.base@17.0.8.1 (9 bytes) @ 0x0000022c82eea1fc [0x0000022c82eea1c0+0x000000000000003c]
j  org.codehaus.groovy.vmplugin.VMPluginFactory.createPlugin(Ljava/lang/String;Ljava/lang/String;)Lorg/codehaus/groovy/vmplugin/VMPlugin;+7
j  org.codehaus.groovy.vmplugin.VMPluginFactory.<clinit>()V+15
v  ~StubRoutines::call_stub
j  org.codehaus.groovy.reflection.ReflectionUtils.<clinit>()V+0
v  ~StubRoutines::call_stub
j  org.codehaus.groovy.reflection.CachedClass$3.lambda$initValue$1(Ljava/lang/reflect/Method;)Z+3
j  org.codehaus.groovy.reflection.CachedClass$3$$Lambda$328+0x00000001002d5740.test(Ljava/lang/Object;)Z+4
J 1239 c1 java.util.stream.ReferencePipeline$2$1.accept(Ljava/lang/Object;)V java.base@17.0.8.1 (27 bytes) @ 0x0000022c82e6b314 [0x0000022c82e6b2c0+0x0000000000000054]
J 1239 c1 java.util.stream.ReferencePipeline$2$1.accept(Ljava/lang/Object;)V java.base@17.0.8.1 (27 bytes) @ 0x0000022c82e6b33c [0x0000022c82e6b2c0+0x000000000000007c]
j  java.util.Spliterators$ArraySpliterator.forEachRemaining(Ljava/util/function/Consumer;)V+53 java.base@17.0.8.1
j  java.util.stream.AbstractPipeline.copyInto(Ljava/util/stream/Sink;Ljava/util/Spliterator;)V+32 java.base@17.0.8.1
j  java.util.stream.AbstractPipeline.wrapAndCopyInto(Ljava/util/stream/Sink;Ljava/util/Spliterator;)Ljava/util/stream/Sink;+13 java.base@17.0.8.1
j  java.util.stream.AbstractPipeline.evaluate(Ljava/util/Spliterator;ZLjava/util/function/IntFunction;)Ljava/util/stream/Node;+32 java.base@17.0.8.1
j  java.util.stream.AbstractPipeline.evaluateToArrayNode(Ljava/util/function/IntFunction;)Ljava/util/stream/Node;+74 java.base@17.0.8.1
j  java.util.stream.ReferencePipeline.toArray(Ljava/util/function/IntFunction;)[Ljava/lang/Object;+4 java.base@17.0.8.1
j  org.codehaus.groovy.reflection.CachedClass$3.lambda$initValue$4()[Lorg/codehaus/groovy/reflection/CachedMethod;+49
j  org.codehaus.groovy.reflection.CachedClass$3$$Lambda$326+0x00000001002cdbe0.run()Ljava/lang/Object;+4
J 1045 c1 java.security.AccessController.doPrivileged(Ljava/security/PrivilegedAction;)Ljava/lang/Object; java.base@17.0.8.1 (9 bytes) @ 0x0000022c82eea1fc [0x0000022c82eea1c0+0x000000000000003c]
j  org.codehaus.groovy.reflection.CachedClass$3.initValue()[Lorg/codehaus/groovy/reflection/CachedMethod;+8
j  org.codehaus.groovy.reflection.CachedClass$3.initValue()Ljava/lang/Object;+1
j  org.codehaus.groovy.util.LazyReference.getLocked(Z)Ljava/lang/Object;+32
J 1835 c1 org.codehaus.groovy.util.LazyReference.get()Ljava/lang/Object; (44 bytes) @ 0x0000022c8301ba44 [0x0000022c8301b960+0x00000000000000e4]
j  org.codehaus.groovy.reflection.CachedClass.getMethods()[Lorg/codehaus/groovy/reflection/CachedMethod;+4
j  org.codehaus.groovy.reflection.stdclasses.CachedClosureClass.<init>(Ljava/lang/Class;Lorg/codehaus/groovy/reflection/ClassInfo;)V+7
j  org.codehaus.groovy.reflection.ClassInfo.createCachedClass(Ljava/lang/Class;Lorg/codehaus/groovy/reflection/ClassInfo;)Lorg/codehaus/groovy/reflection/CachedClass;+475
j  org.codehaus.groovy.reflection.ClassInfo.access$300(Ljava/lang/Class;Lorg/codehaus/groovy/reflection/ClassInfo;)Lorg/codehaus/groovy/reflection/CachedClass;+2
j  org.codehaus.groovy.reflection.ClassInfo$LazyCachedClassRef.initValue()Lorg/codehaus/groovy/reflection/CachedClass;+17
j  org.codehaus.groovy.reflection.ClassInfo$LazyCachedClassRef.initValue()Ljava/lang/Object;+1
j  org.codehaus.groovy.util.LazyReference.getLocked(Z)Ljava/lang/Object;+32
J 1835 c1 org.codehaus.groovy.util.LazyReference.get()Ljava/lang/Object; (44 bytes) @ 0x0000022c8301ba44 [0x0000022c8301b960+0x00000000000000e4]
j  org.codehaus.groovy.reflection.ClassInfo.getCachedClass()Lorg/codehaus/groovy/reflection/CachedClass;+4
j  org.codehaus.groovy.reflection.ReflectionCache.getCachedClass(Ljava/lang/Class;)Lorg/codehaus/groovy/reflection/CachedClass;+10
j  org.codehaus.groovy.runtime.metaclass.MetaClassRegistryImpl.registerMethods(Ljava/lang/Class;ZZLjava/util/Map;)V+89
j  org.codehaus.groovy.runtime.metaclass.MetaClassRegistryImpl.<init>(IZ)V+106
j  org.codehaus.groovy.runtime.metaclass.MetaClassRegistryImpl.<init>()V+3
j  groovy.lang.GroovySystem.<clinit>()V+8
v  ~StubRoutines::call_stub
j  org.springframework.beans.factory.groovy.GroovyBeanDefinitionReader.<init>(Lorg/springframework/beans/factory/support/BeanDefinitionRegistry;)V+28
j  org.springframework.boot.BeanDefinitionLoader.<init>(Lorg/springframework/beans/factory/support/BeanDefinitionRegistry;[Ljava/lang/Object;)V+58
j  org.springframework.boot.SpringApplication.createBeanDefinitionLoader(Lorg/springframework/beans/factory/support/BeanDefinitionRegistry;[Ljava/lang/Object;)Lorg/springframework/boot/BeanDefinitionLoader;+6
j  org.springframework.boot.SpringApplication.load(Lorg/springframework/context/ApplicationContext;[Ljava/lang/Object;)V+35
j  org.springframework.boot.SpringApplication.prepareContext(Lorg/springframework/boot/DefaultBootstrapContext;Lorg/springframework/context/ConfigurableApplicationContext;Lorg/springframework/core/env/ConfigurableEnvironment;Lorg/springframework/boot/SpringApplicationRunListeners;Lorg/springframework/boot/ApplicationArguments;Lorg/springframework/boot/Banner;)V+218
j  org.springframework.boot.SpringApplication.run([Ljava/lang/String;)Lorg/springframework/context/ConfigurableApplicationContext;+95
j  org.springframework.boot.SpringApplication.run([Ljava/lang/Class;[Ljava/lang/String;)Lorg/springframework/context/ConfigurableApplicationContext;+9
j  org.springframework.boot.SpringApplication.run(Ljava/lang/Class;[Ljava/lang/String;)Lorg/springframework/context/ConfigurableApplicationContext;+9
j  org.springframework.ide.vscode.boot.app.BootLanguageServerBootApp.main([Ljava/lang/String;)V+19
v  ~StubRoutines::call_stub

---------------  P R O C E S S  ---------------

Threads class SMR info:
_java_thread_list=0x0000022c8ee0f0b0, length=13, elements={
0x0000022cffc42840, 0x0000022c89e4ab40, 0x0000022c89e4b6d0, 0x0000022c89e76920,
0x0000022c89e774b0, 0x0000022c89e78d90, 0x0000022c89e79660, 0x0000022c89e79f30,
0x0000022c89ea4f10, 0x0000022c8e1b92b0, 0x0000022c8e1babe0, 0x0000022c8ea91000,
0x0000022c8e981830
}

Java Threads: ( => current thread )
=>0x0000022cffc42840 JavaThread "main" [_thread_in_vm, id=11284, stack(0x000000e08f900000,0x000000e08fa00000)]
  0x0000022c89e4ab40 JavaThread "Reference Handler" daemon [_thread_blocked, id=9332, stack(0x000000e090100000,0x000000e090200000)]
  0x0000022c89e4b6d0 JavaThread "Finalizer" daemon [_thread_blocked, id=16960, stack(0x000000e090200000,0x000000e090300000)]
  0x0000022c89e76920 JavaThread "Signal Dispatcher" daemon [_thread_blocked, id=10320, stack(0x000000e090300000,0x000000e090400000)]
  0x0000022c89e774b0 JavaThread "Attach Listener" daemon [_thread_blocked, id=14964, stack(0x000000e090400000,0x000000e090500000)]
  0x0000022c89e78d90 JavaThread "Service Thread" daemon [_thread_blocked, id=13372, stack(0x000000e090500000,0x000000e090600000)]
  0x0000022c89e79660 JavaThread "Monitor Deflation Thread" daemon [_thread_blocked, id=9868, stack(0x000000e090600000,0x000000e090700000)]
  0x0000022c89e79f30 JavaThread "C1 CompilerThread0" daemon [_thread_blocked, id=15212, stack(0x000000e090700000,0x000000e090800000)]
  0x0000022c89ea4f10 JavaThread "Sweeper thread" daemon [_thread_blocked, id=13240, stack(0x000000e090800000,0x000000e090900000)]
  0x0000022c8e1b92b0 JavaThread "Notification Thread" daemon [_thread_blocked, id=11700, stack(0x000000e090900000,0x000000e090a00000)]
  0x0000022c8e1babe0 JavaThread "Common-Cleaner" daemon [_thread_blocked, id=3900, stack(0x000000e090b00000,0x000000e090c00000)]
  0x0000022c8ea91000 JavaThread "background-preinit" [_thread_in_vm, id=2968, stack(0x000000e090d00000,0x000000e090e00000)]
  0x0000022c8e981830 JavaThread "C1 CompilerThread1" daemon [_thread_blocked, id=7628, stack(0x000000e090e00000,0x000000e090f00000)]

Other Threads:
  0x0000022c89e35230 VMThread "VM Thread" [stack: 0x000000e090000000,0x000000e090100000] [id=7396]
  0x0000022c8e1b9790 WatcherThread [stack: 0x000000e090a00000,0x000000e090b00000] [id=7292]
  0x0000022cffc7f890 GCTaskThread "GC Thread#0" [stack: 0x000000e08fb00000,0x000000e08fc00000] [id=9348]
  0x0000022c8e2e8020 GCTaskThread "GC Thread#1" [stack: 0x000000e090c00000,0x000000e090d00000] [id=10676]
  0x0000022cffc886f0 ConcurrentGCThread "G1 Main Marker" [stack: 0x000000e08fc00000,0x000000e08fd00000] [id=3928]
  0x0000022cffc89010 ConcurrentGCThread "G1 Conc#0" [stack: 0x000000e08fd00000,0x000000e08fe00000] [id=12468]
  0x0000022cffccfdc0 ConcurrentGCThread "G1 Refine#0" [stack: 0x000000e08fe00000,0x000000e08ff00000] [id=14124]
  0x0000022cffcd0700 ConcurrentGCThread "G1 Service" [stack: 0x000000e08ff00000,0x000000e090000000] [id=13760]

Threads with active compile tasks:

VM state: not at safepoint (normal execution)

VM Mutex/Monitor currently owned by a thread:  ([mutex/lock_event])
[0x0000022cfdabcde0] Metaspace_lock - owner thread: 0x0000022cffc42840

Heap address: 0x00000000c0000000, size: 1024 MB, Compressed Oops mode: 32-bit

CDS archive(s) not mapped
Compressed class space mapped at: 0x0000000100000000-0x0000000140000000, reserved size: 1073741824
Narrow klass base: 0x0000000000000000, Narrow klass shift: 3, Narrow klass range: 0x140000000

GC Precious Log:
 CPUs: 2 total, 2 available
 Memory: 3979M
 Large Page Support: Disabled
 NUMA Support: Disabled
 Compressed Oops: Enabled (32-bit)
 Heap Region Size: 1M
 Heap Min Capacity: 8M
 Heap Initial Capacity: 64M
 Heap Max Capacity: 1G
 Pre-touch: Disabled
 Parallel Workers: 2
 Concurrent Workers: 1
 Concurrent Refinement Workers: 2
 Periodic GC: Disabled

Heap:
 garbage-first heap   total 55296K, used 17355K [0x00000000c0000000, 0x0000000100000000)
  region size 1024K, 6 young (6144K), 2 survivors (2048K)
 Metaspace       used 22188K, committed 22336K, reserved 1114112K
  class space    used 2751K, committed 2816K, reserved 1048576K

Heap Regions: E=young(eden), S=young(survivor), O=old, HS=humongous(starts), HC=humongous(continues), CS=collection set, F=free, OA=open archive, CA=closed archive, TAMS=top-at-mark-start (previous, next)
|   0|0x00000000c0000000, 0x00000000c0100000, 0x00000000c0100000|100%| O|  |TAMS 0x00000000c0100000, 0x00000000c0000000| Untracked 
|   1|0x00000000c0100000, 0x00000000c0200000, 0x00000000c0200000|100%| O|  |TAMS 0x00000000c0200000, 0x00000000c0100000| Untracked 
|   2|0x00000000c0200000, 0x00000000c0300000, 0x00000000c0300000|100%| O|  |TAMS 0x00000000c0300000, 0x00000000c0200000| Untracked 
|   3|0x00000000c0300000, 0x00000000c0400000, 0x00000000c0400000|100%| O|  |TAMS 0x00000000c0400000, 0x00000000c0300000| Untracked 
|   4|0x00000000c0400000, 0x00000000c0500000, 0x00000000c0500000|100%| O|  |TAMS 0x00000000c0500000, 0x00000000c0400000| Untracked 
|   5|0x00000000c0500000, 0x00000000c0600000, 0x00000000c0600000|100%| O|  |TAMS 0x00000000c0600000, 0x00000000c0500000| Untracked 
|   6|0x00000000c0600000, 0x00000000c0700000, 0x00000000c0700000|100%| O|  |TAMS 0x00000000c0700000, 0x00000000c0600000| Untracked 
|   7|0x00000000c0700000, 0x00000000c0800000, 0x00000000c0800000|100%| O|  |TAMS 0x00000000c07b4200, 0x00000000c0700000| Untracked 
|   8|0x00000000c0800000, 0x00000000c0900000, 0x00000000c0900000|100%| O|  |TAMS 0x00000000c0800000, 0x00000000c0800000| Untracked 
|   9|0x00000000c0900000, 0x00000000c0a00000, 0x00000000c0a00000|100%| O|  |TAMS 0x00000000c0900000, 0x00000000c0900000| Untracked 
|  10|0x00000000c0a00000, 0x00000000c0b00000, 0x00000000c0b00000|100%| O|  |TAMS 0x00000000c0a00000, 0x00000000c0a00000| Untracked 
|  11|0x00000000c0b00000, 0x00000000c0c00000, 0x00000000c0c00000|100%| O|  |TAMS 0x00000000c0b00000, 0x00000000c0b00000| Untracked 
|  12|0x00000000c0c00000, 0x00000000c0c48e00, 0x00000000c0d00000| 28%| O|  |TAMS 0x00000000c0c00000, 0x00000000c0c00000| Untracked 
|  13|0x00000000c0d00000, 0x00000000c0d00000, 0x00000000c0e00000|  0%| F|  |TAMS 0x00000000c0d00000, 0x00000000c0d00000| Untracked 
|  14|0x00000000c0e00000, 0x00000000c0e00000, 0x00000000c0f00000|  0%| F|  |TAMS 0x00000000c0e00000, 0x00000000c0e00000| Untracked 
|  15|0x00000000c0f00000, 0x00000000c0f00000, 0x00000000c1000000|  0%| F|  |TAMS 0x00000000c0f00000, 0x00000000c0f00000| Untracked 
|  16|0x00000000c1000000, 0x00000000c1000000, 0x00000000c1100000|  0%| F|  |TAMS 0x00000000c1000000, 0x00000000c1000000| Untracked 
|  17|0x00000000c1100000, 0x00000000c1100000, 0x00000000c1200000|  0%| F|  |TAMS 0x00000000c1100000, 0x00000000c1100000| Untracked 
|  18|0x00000000c1200000, 0x00000000c1200000, 0x00000000c1300000|  0%| F|  |TAMS 0x00000000c1200000, 0x00000000c1200000| Untracked 
|  19|0x00000000c1300000, 0x00000000c1300000, 0x00000000c1400000|  0%| F|  |TAMS 0x00000000c1300000, 0x00000000c1300000| Untracked 
|  20|0x00000000c1400000, 0x00000000c1400000, 0x00000000c1500000|  0%| F|  |TAMS 0x00000000c1400000, 0x00000000c1400000| Untracked 
|  21|0x00000000c1500000, 0x00000000c1500000, 0x00000000c1600000|  0%| F|  |TAMS 0x00000000c1500000, 0x00000000c1500000| Untracked 
|  22|0x00000000c1600000, 0x00000000c1600000, 0x00000000c1700000|  0%| F|  |TAMS 0x00000000c1600000, 0x00000000c1600000| Untracked 
|  23|0x00000000c1700000, 0x00000000c1700000, 0x00000000c1800000|  0%| F|  |TAMS 0x00000000c1700000, 0x00000000c1700000| Untracked 
|  24|0x00000000c1800000, 0x00000000c1800000, 0x00000000c1900000|  0%| F|  |TAMS 0x00000000c1800000, 0x00000000c1800000| Untracked 
|  25|0x00000000c1900000, 0x00000000c1900000, 0x00000000c1a00000|  0%| F|  |TAMS 0x00000000c1900000, 0x00000000c1900000| Untracked 
|  26|0x00000000c1a00000, 0x00000000c1a00000, 0x00000000c1b00000|  0%| F|  |TAMS 0x00000000c1a00000, 0x00000000c1a00000| Untracked 
|  27|0x00000000c1b00000, 0x00000000c1b00000, 0x00000000c1c00000|  0%| F|  |TAMS 0x00000000c1b00000, 0x00000000c1b00000| Untracked 
|  28|0x00000000c1c00000, 0x00000000c1c00000, 0x00000000c1d00000|  0%| F|  |TAMS 0x00000000c1c00000, 0x00000000c1c00000| Untracked 
|  29|0x00000000c1d00000, 0x00000000c1d00000, 0x00000000c1e00000|  0%| F|  |TAMS 0x00000000c1d00000, 0x00000000c1d00000| Untracked 
|  30|0x00000000c1e00000, 0x00000000c1e00000, 0x00000000c1f00000|  0%| F|  |TAMS 0x00000000c1e00000, 0x00000000c1e00000| Untracked 
|  31|0x00000000c1f00000, 0x00000000c1f00000, 0x00000000c2000000|  0%| F|  |TAMS 0x00000000c1f00000, 0x00000000c1f00000| Untracked 
|  32|0x00000000c2000000, 0x00000000c2000000, 0x00000000c2100000|  0%| F|  |TAMS 0x00000000c2000000, 0x00000000c2000000| Untracked 
|  33|0x00000000c2100000, 0x00000000c2100000, 0x00000000c2200000|  0%| F|  |TAMS 0x00000000c2100000, 0x00000000c2100000| Untracked 
|  34|0x00000000c2200000, 0x00000000c2200000, 0x00000000c2300000|  0%| F|  |TAMS 0x00000000c2200000, 0x00000000c2200000| Untracked 
|  35|0x00000000c2300000, 0x00000000c2300000, 0x00000000c2400000|  0%| F|  |TAMS 0x00000000c2300000, 0x00000000c2300000| Untracked 
|  36|0x00000000c2400000, 0x00000000c2400000, 0x00000000c2500000|  0%| F|  |TAMS 0x00000000c2400000, 0x00000000c2400000| Untracked 
|  37|0x00000000c2500000, 0x00000000c2500000, 0x00000000c2600000|  0%| F|  |TAMS 0x00000000c2500000, 0x00000000c2500000| Untracked 
|  38|0x00000000c2600000, 0x00000000c2600000, 0x00000000c2700000|  0%| F|  |TAMS 0x00000000c2600000, 0x00000000c2600000| Untracked 
|  39|0x00000000c2700000, 0x00000000c2700000, 0x00000000c2800000|  0%| F|  |TAMS 0x00000000c2700000, 0x00000000c2700000| Untracked 
|  40|0x00000000c2800000, 0x00000000c2800000, 0x00000000c2900000|  0%| F|  |TAMS 0x00000000c2800000, 0x00000000c2800000| Untracked 
|  41|0x00000000c2900000, 0x00000000c2900000, 0x00000000c2a00000|  0%| F|  |TAMS 0x00000000c2900000, 0x00000000c2900000| Untracked 
|  42|0x00000000c2a00000, 0x00000000c2a00000, 0x00000000c2b00000|  0%| F|  |TAMS 0x00000000c2a00000, 0x00000000c2a00000| Untracked 
|  43|0x00000000c2b00000, 0x00000000c2b00000, 0x00000000c2c00000|  0%| F|  |TAMS 0x00000000c2b00000, 0x00000000c2b00000| Untracked 
|  44|0x00000000c2c00000, 0x00000000c2c00000, 0x00000000c2d00000|  0%| F|  |TAMS 0x00000000c2c00000, 0x00000000c2c00000| Untracked 
|  45|0x00000000c2d00000, 0x00000000c2d00000, 0x00000000c2e00000|  0%| F|  |TAMS 0x00000000c2d00000, 0x00000000c2d00000| Untracked 
|  46|0x00000000c2e00000, 0x00000000c2e00000, 0x00000000c2f00000|  0%| F|  |TAMS 0x00000000c2e00000, 0x00000000c2e00000| Untracked 
|  47|0x00000000c2f00000, 0x00000000c2f00000, 0x00000000c3000000|  0%| F|  |TAMS 0x00000000c2f00000, 0x00000000c2f00000| Untracked 
|  48|0x00000000c3000000, 0x00000000c30ac418, 0x00000000c3100000| 67%| E|  |TAMS 0x00000000c3000000, 0x00000000c3000000| Complete 
|  49|0x00000000c3100000, 0x00000000c31aa1a0, 0x00000000c3200000| 66%| S|CS|TAMS 0x00000000c3100000, 0x00000000c3100000| Complete 
|  50|0x00000000c3200000, 0x00000000c3300000, 0x00000000c3300000|100%| S|CS|TAMS 0x00000000c3200000, 0x00000000c3200000| Complete 
|  51|0x00000000c3300000, 0x00000000c3400000, 0x00000000c3400000|100%| E|CS|TAMS 0x00000000c3300000, 0x00000000c3300000| Complete 
|  52|0x00000000c3400000, 0x00000000c3500000, 0x00000000c3500000|100%| E|CS|TAMS 0x00000000c3400000, 0x00000000c3400000| Complete 
|  63|0x00000000c3f00000, 0x00000000c4000000, 0x00000000c4000000|100%| E|CS|TAMS 0x00000000c3f00000, 0x00000000c3f00000| Complete 

Card table byte_map: [0x0000022cff820000,0x0000022cffa20000] _byte_map_base: 0x0000022cff220000

Marking Bits (Prev, Next): (CMBitMap*) 0x0000022cffc7fe00, (CMBitMap*) 0x0000022cffc7fdc0
 Prev Bits: [0x0000022c86bc0000, 0x0000022c87bc0000)
 Next Bits: [0x0000022c85bc0000, 0x0000022c86bc0000)

Polling page: 0x0000022cfda30000

Metaspace:

Usage:
  Non-class:     18.98 MB used.
      Class:      2.69 MB used.
       Both:     21.67 MB used.

Virtual space:
  Non-class space:       64.00 MB reserved,      19.06 MB ( 30%) committed,  1 nodes.
      Class space:        1.00 GB reserved,       2.75 MB ( <1%) committed,  1 nodes.
             Both:        1.06 GB reserved,      21.81 MB (  2%) committed. 

Chunk freelists:
   Non-Class:  12.86 MB
       Class:  13.12 MB
        Both:  25.98 MB

MaxMetaspaceSize: unlimited
CompressedClassSpaceSize: 1.00 GB
Initial GC threshold: 21.00 MB
Current GC threshold: 35.31 MB
CDS: off
MetaspaceReclaimPolicy: balanced
 - commit_granule_bytes: 65536.
 - commit_granule_words: 8192.
 - virtual_space_node_default_size: 8388608.
 - enlarge_chunks_in_place: 1.
 - new_chunks_are_fully_committed: 0.
 - uncommit_free_chunks: 1.
 - use_allocation_guard: 0.
 - handle_deallocations: 1.


Internal statistics:

num_allocs_failed_limit: 3.
num_arena_births: 186.
num_arena_deaths: 0.
num_vsnodes_births: 2.
num_vsnodes_deaths: 0.
num_space_committed: 349.
num_space_uncommitted: 0.
num_chunks_returned_to_freelist: 3.
num_chunks_taken_from_freelist: 650.
num_chunk_merges: 3.
num_chunk_splits: 448.
num_chunks_enlarged: 360.
num_inconsistent_stats: 0.

CodeCache: size=49152Kb used=4475Kb max_used=4475Kb free=44676Kb
 bounds [0x0000022c82bc0000, 0x0000022c83020000, 0x0000022c85bc0000]
 total_blobs=2315 nmethods=1840 adapters=402
 compilation: enabled
              stopped_count=0, restarted_count=0
 full_count=0

Compilation events (20 events):
Event: 27.712 Thread 0x0000022c8e981830 1835       1       org.codehaus.groovy.util.LazyReference::get (44 bytes)
Event: 27.712 Thread 0x0000022c8e981830 nmethod 1835 0x0000022c8301b790 code [0x0000022c8301b960, 0x0000022c8301bb48]
Event: 27.714 Thread 0x0000022c89e79f30 1836       1       org.codehaus.groovy.util.ReferenceManager::getReferenceQueue (5 bytes)
Event: 27.714 Thread 0x0000022c89e79f30 nmethod 1836 0x0000022c8301bc90 code [0x0000022c8301be20, 0x0000022c8301bef8]
Event: 27.715 Thread 0x0000022c8e981830 1837       1       org.codehaus.groovy.util.ReferenceBundle::getType (5 bytes)
Event: 27.715 Thread 0x0000022c8e981830 nmethod 1837 0x0000022c8301bf90 code [0x0000022c8301c120, 0x0000022c8301c1f8]
Event: 27.716 Thread 0x0000022c89e79f30 1838       1       org.codehaus.groovy.util.ReferenceBundle::getManager (5 bytes)
Event: 27.716 Thread 0x0000022c89e79f30 nmethod 1838 0x0000022c8301c290 code [0x0000022c8301c420, 0x0000022c8301c4f8]
Event: 27.716 Thread 0x0000022c8e981830 1839       1       java.util.Collections$EmptyMap::get (2 bytes)
Event: 27.716 Thread 0x0000022c8e981830 nmethod 1839 0x0000022c8301c590 code [0x0000022c8301c720, 0x0000022c8301c7f8]
Event: 27.717 Thread 0x0000022c89e79f30 1840       1       java.lang.Module::isExported (18 bytes)
Event: 27.717 Thread 0x0000022c89e79f30 nmethod 1840 0x0000022c8301c890 code [0x0000022c8301ca40, 0x0000022c8301cc68]
Event: 27.717 Thread 0x0000022c89e79f30 1841       1       java.lang.Module::canRead (86 bytes)
Event: 27.719 Thread 0x0000022c89e79f30 nmethod 1841 0x0000022c8301cd90 code [0x0000022c8301d020, 0x0000022c8301d888]
Event: 27.721 Thread 0x0000022c8e981830 1842       1       java.util.HashSet::iterator (13 bytes)
Event: 27.721 Thread 0x0000022c8e981830 nmethod 1842 0x0000022c8301dc10 code [0x0000022c8301ddc0, 0x0000022c8301ded8]
Event: 27.950 Thread 0x0000022c89e79f30 1843       1       java.lang.Class::protectionDomain (48 bytes)
Event: 27.951 Thread 0x0000022c89e79f30 nmethod 1843 0x0000022c8301df90 code [0x0000022c8301e180, 0x0000022c8301e538]
Event: 27.996 Thread 0x0000022c89e79f30 1845       1       java.util.jar.JarFile$JarFileEntry::getRealName (5 bytes)
Event: 27.997 Thread 0x0000022c89e79f30 nmethod 1845 0x0000022c8301eb10 code [0x0000022c8301eca0, 0x0000022c8301ed78]

GC Heap History (12 events):
Event: 5.284 GC heap before
{Heap before GC invocations=0 (full 0):
 garbage-first heap   total 65536K, used 5120K [0x00000000c0000000, 0x0000000100000000)
  region size 1024K, 6 young (6144K), 0 survivors (0K)
 Metaspace       used 4268K, committed 4416K, reserved 1114112K
  class space    used 413K, committed 512K, reserved 1048576K
}
Event: 5.514 GC heap after
{Heap after GC invocations=1 (full 0):
 garbage-first heap   total 65536K, used 4819K [0x00000000c0000000, 0x0000000100000000)
  region size 1024K, 1 young (1024K), 1 survivors (1024K)
 Metaspace       used 4268K, committed 4416K, reserved 1114112K
  class space    used 413K, committed 512K, reserved 1048576K
}
Event: 6.250 GC heap before
{Heap before GC invocations=1 (full 0):
 garbage-first heap   total 65536K, used 6867K [0x00000000c0000000, 0x0000000100000000)
  region size 1024K, 4 young (4096K), 1 survivors (1024K)
 Metaspace       used 4302K, committed 4480K, reserved 1114112K
  class space    used 417K, committed 512K, reserved 1048576K
}
Event: 6.253 GC heap after
{Heap after GC invocations=2 (full 0):
 garbage-first heap   total 65536K, used 5900K [0x00000000c0000000, 0x0000000100000000)
  region size 1024K, 1 young (1024K), 1 survivors (1024K)
 Metaspace       used 4302K, committed 4480K, reserved 1114112K
  class space    used 417K, committed 512K, reserved 1048576K
}
Event: 8.321 GC heap before
{Heap before GC invocations=2 (full 0):
 garbage-first heap   total 65536K, used 11020K [0x00000000c0000000, 0x0000000100000000)
  region size 1024K, 7 young (7168K), 1 survivors (1024K)
 Metaspace       used 6708K, committed 6784K, reserved 1114112K
  class space    used 681K, committed 704K, reserved 1048576K
}
Event: 8.327 GC heap after
{Heap after GC invocations=3 (full 0):
 garbage-first heap   total 65536K, used 8912K [0x00000000c0000000, 0x0000000100000000)
  region size 1024K, 1 young (1024K), 1 survivors (1024K)
 Metaspace       used 6708K, committed 6784K, reserved 1114112K
  class space    used 681K, committed 704K, reserved 1048576K
}
Event: 11.441 GC heap before
{Heap before GC invocations=3 (full 0):
 garbage-first heap   total 65536K, used 20176K [0x00000000c0000000, 0x0000000100000000)
  region size 1024K, 12 young (12288K), 1 survivors (1024K)
 Metaspace       used 10314K, committed 10496K, reserved 1114112K
  class space    used 1232K, committed 1344K, reserved 1048576K
}
Event: 11.447 GC heap after
{Heap after GC invocations=4 (full 0):
 garbage-first heap   total 65536K, used 9886K [0x00000000c0000000, 0x0000000100000000)
  region size 1024K, 2 young (2048K), 2 survivors (2048K)
 Metaspace       used 10314K, committed 10496K, reserved 1114112K
  class space    used 1232K, committed 1344K, reserved 1048576K
}
Event: 25.277 GC heap before
{Heap before GC invocations=4 (full 0):
 garbage-first heap   total 65536K, used 41630K [0x00000000c0000000, 0x0000000100000000)
  region size 1024K, 33 young (33792K), 2 survivors (2048K)
 Metaspace       used 17951K, committed 18176K, reserved 1114112K
  class space    used 2261K, committed 2368K, reserved 1048576K
}
Event: 25.317 GC heap after
{Heap after GC invocations=5 (full 0):
 garbage-first heap   total 65536K, used 12687K [0x00000000c0000000, 0x0000000100000000)
  region size 1024K, 5 young (5120K), 5 survivors (5120K)
 Metaspace       used 17951K, committed 18176K, reserved 1114112K
  class space    used 2261K, committed 2368K, reserved 1048576K
}
Event: 27.381 GC heap before
{Heap before GC invocations=5 (full 0):
 garbage-first heap   total 65536K, used 23951K [0x00000000c0000000, 0x0000000100000000)
  region size 1024K, 18 young (18432K), 5 survivors (5120K)
 Metaspace       used 21363K, committed 21504K, reserved 1114112K
  class space    used 2629K, committed 2688K, reserved 1048576K
}
Event: 27.401 GC heap after
{Heap after GC invocations=6 (full 0):
 garbage-first heap   total 65536K, used 14283K [0x00000000c0000000, 0x0000000100000000)
  region size 1024K, 2 young (2048K), 2 survivors (2048K)
 Metaspace       used 21363K, committed 21504K, reserved 1114112K
  class space    used 2629K, committed 2688K, reserved 1048576K
}

Dll operation events (5 events):
Event: 0.194 Loaded shared library c:\Users\Chanet Lanka\.vscode\extensions\redhat.java-1.23.0-win32-x64\jre\17.0.8.1-win32-x86_64\bin\java.dll
Event: 4.237 Loaded shared library C:\Users\Chanet Lanka\.vscode\extensions\redhat.java-1.23.0-win32-x64\jre\17.0.8.1-win32-x86_64\bin\net.dll
Event: 4.247 Loaded shared library C:\Users\Chanet Lanka\.vscode\extensions\redhat.java-1.23.0-win32-x64\jre\17.0.8.1-win32-x86_64\bin\nio.dll
Event: 4.322 Loaded shared library C:\Users\Chanet Lanka\.vscode\extensions\redhat.java-1.23.0-win32-x64\jre\17.0.8.1-win32-x86_64\bin\zip.dll
Event: 7.416 Loaded shared library C:\Users\Chanet Lanka\.vscode\extensions\redhat.java-1.23.0-win32-x64\jre\17.0.8.1-win32-x86_64\bin\jimage.dll

Deoptimization events (0 events):
No events

Classes unloaded (0 events):
No events

Classes redefined (0 events):
No events

Internal exceptions (20 events):
Event: 23.860 Thread 0x0000022cffc42840 Exception <a 'java/lang/NoSuchMethodError'{0x00000000c2625d78}: 'java.lang.Object java.lang.invoke.DirectMethodHandle$Holder.invokeSpecial(java.lang.Object, java.lang.Object, java.lang.Object, int, java.lang.Object)'> (0x00000000c2625d78) 
thrown [s\src\hotspot\share\interpreter\linkResolver.cpp, line 759]
Event: 23.861 Thread 0x0000022cffc42840 Exception <a 'java/lang/NoSuchMethodError'{0x00000000c262e3d8}: 'java.lang.Object java.lang.invoke.DirectMethodHandle$Holder.newInvokeSpecial(java.lang.Object, java.lang.Object, java.lang.Object, int, java.lang.Object)'> (0x00000000c262e3d8) 
thrown [s\src\hotspot\share\interpreter\linkResolver.cpp, line 759]
Event: 23.865 Thread 0x0000022cffc42840 Exception <a 'java/lang/NoSuchMethodError'{0x00000000c26466d8}: 'java.lang.Object java.lang.invoke.DirectMethodHandle$Holder.newInvokeSpecial(java.lang.Object, int, java.lang.Object)'> (0x00000000c26466d8) 
thrown [s\src\hotspot\share\interpreter\linkResolver.cpp, line 759]
Event: 23.866 Thread 0x0000022cffc42840 Exception <a 'java/lang/NoSuchMethodError'{0x00000000c264b3b8}: 'int java.lang.invoke.DirectMethodHandle$Holder.invokeSpecialIFC(java.lang.Object, java.lang.Object, java.lang.Object, java.lang.Object)'> (0x00000000c264b3b8) 
thrown [s\src\hotspot\share\interpreter\linkResolver.cpp, line 759]
Event: 24.022 Thread 0x0000022cffc42840 Exception <a 'java/lang/NoSuchMethodError'{0x00000000c251b700}: 'void java.lang.invoke.DirectMethodHandle$Holder.invokeInterface(java.lang.Object, java.lang.Object, java.lang.Object)'> (0x00000000c251b700) 
thrown [s\src\hotspot\share\interpreter\linkResolver.cpp, line 759]
Event: 24.089 Thread 0x0000022cffc42840 Exception <a 'java/lang/NoSuchMethodError'{0x00000000c25649f8}: 'void java.lang.invoke.DirectMethodHandle$Holder.invokeStatic(java.lang.Object, java.lang.Object)'> (0x00000000c25649f8) 
thrown [s\src\hotspot\share\interpreter\linkResolver.cpp, line 759]
Event: 24.090 Thread 0x0000022cffc42840 Exception <a 'java/lang/NoSuchMethodError'{0x00000000c25681f8}: 'void java.lang.invoke.DirectMethodHandle$Holder.invokeStaticInit(java.lang.Object, java.lang.Object)'> (0x00000000c25681f8) 
thrown [s\src\hotspot\share\interpreter\linkResolver.cpp, line 759]
Event: 24.097 Thread 0x0000022cffc42840 Exception <a 'java/lang/NoSuchMethodError'{0x00000000c2577e30}: 'void java.lang.invoke.DirectMethodHandle$Holder.invokeStaticInit(java.lang.Object, java.lang.Object, java.lang.Object)'> (0x00000000c2577e30) 
thrown [s\src\hotspot\share\interpreter\linkResolver.cpp, line 759]
Event: 24.138 Thread 0x0000022cffc42840 Exception <a 'java/lang/NoSuchMethodError'{0x00000000c258a798}: 'java.lang.Object java.lang.invoke.DirectMethodHandle$Holder.invokeStaticInit(java.lang.Object)'> (0x00000000c258a798) 
thrown [s\src\hotspot\share\interpreter\linkResolver.cpp, line 759]
Event: 24.142 Thread 0x0000022cffc42840 Exception <a 'java/lang/NoSuchMethodError'{0x00000000c2590d98}: 'java.lang.Object java.lang.invoke.DirectMethodHandle$Holder.invokeStatic(java.lang.Object, java.lang.Object, long, java.lang.Object)'> (0x00000000c2590d98) 
thrown [s\src\hotspot\share\interpreter\linkResolver.cpp, line 759]
Event: 24.142 Thread 0x0000022cffc42840 Exception <a 'java/lang/NoSuchMethodError'{0x00000000c2594830}: 'java.lang.Object java.lang.invoke.DirectMethodHandle$Holder.invokeStaticInit(java.lang.Object, java.lang.Object, long, java.lang.Object)'> (0x00000000c2594830) 
thrown [s\src\hotspot\share\interpreter\linkResolver.cpp, line 759]
Event: 24.144 Thread 0x0000022cffc42840 Exception <a 'java/lang/NoSuchMethodError'{0x00000000c259afb0}: 'java.lang.Object java.lang.invoke.DirectMethodHandle$Holder.newInvokeSpecial(java.lang.Object, java.lang.Object, long)'> (0x00000000c259afb0) 
thrown [s\src\hotspot\share\interpreter\linkResolver.cpp, line 759]
Event: 24.145 Thread 0x0000022cffc42840 Exception <a 'java/lang/NoSuchMethodError'{0x00000000c259eb20}: 'java.lang.Object java.lang.invoke.Invokers$Holder.linkToTargetMethod(java.lang.Object, long, java.lang.Object)'> (0x00000000c259eb20) 
thrown [s\src\hotspot\share\interpreter\linkResolver.cpp, line 759]
Event: 24.346 Thread 0x0000022cffc42840 Exception <a 'java/lang/NoSuchMethodError'{0x00000000c244ce48}: 'void java.lang.invoke.DirectMethodHandle$Holder.invokeSpecial(java.lang.Object, java.lang.Object, java.lang.Object, java.lang.Object, java.lang.Object)'> (0x00000000c244ce48) 
thrown [s\src\hotspot\share\interpreter\linkResolver.cpp, line 759]
Event: 24.360 Thread 0x0000022cffc42840 Exception <a 'java/lang/NoSuchMethodError'{0x00000000c2470bd8}: 'void java.lang.invoke.DirectMethodHandle$Holder.invokeSpecial(java.lang.Object, java.lang.Object, java.lang.Object)'> (0x00000000c2470bd8) 
thrown [s\src\hotspot\share\interpreter\linkResolver.cpp, line 759]
Event: 24.381 Thread 0x0000022cffc42840 Exception <a 'java/lang/NoSuchMethodError'{0x00000000c249ee10}: 'void java.lang.invoke.DirectMethodHandle$Holder.invokeStatic(java.lang.Object, java.lang.Object, int)'> (0x00000000c249ee10) 
thrown [s\src\hotspot\share\interpreter\linkResolver.cpp, line 759]
Event: 24.495 Thread 0x0000022cffc42840 Exception <a 'java/lang/NoSuchMethodError'{0x00000000c2328278}: 'java.lang.Object java.lang.invoke.DirectMethodHandle$Holder.invokeStatic(java.lang.Object, java.lang.Object, int)'> (0x00000000c2328278) 
thrown [s\src\hotspot\share\interpreter\linkResolver.cpp, line 759]
Event: 24.500 Thread 0x0000022cffc42840 Exception <a 'java/lang/NoSuchMethodError'{0x00000000c23339e8}: 'void java.lang.invoke.DelegatingMethodHandle$Holder.delegate(java.lang.Object, java.lang.Object, int, java.lang.Object)'> (0x00000000c23339e8) 
thrown [s\src\hotspot\share\interpreter\linkResolver.cpp, line 759]
Event: 24.508 Thread 0x0000022c8ea91000 Exception <a 'java/lang/NoClassDefFoundError'{0x00000000c239b2d8}: jakarta/validation/Validation> (0x00000000c239b2d8) 
thrown [s\src\hotspot\share\classfile\systemDictionary.cpp, line 245]
Event: 24.577 Thread 0x0000022cffc42840 Exception <a 'java/lang/IncompatibleClassChangeError'{0x00000000c22ef650}: Found class java.lang.Object, but interface was expected> (0x00000000c22ef650) 
thrown [s\src\hotspot\share\interpreter\linkResolver.cpp, line 826]

VM Operations (20 events):
Event: 21.864 Executing VM operation: Cleanup
Event: 21.881 Executing VM operation: Cleanup done
Event: 22.895 Executing VM operation: Cleanup
Event: 22.925 Executing VM operation: Cleanup done
Event: 23.490 Executing VM operation: HandshakeAllThreads
Event: 23.490 Executing VM operation: HandshakeAllThreads done
Event: 24.441 Executing VM operation: HandshakeAllThreads
Event: 24.492 Executing VM operation: HandshakeAllThreads done
Event: 24.492 Executing VM operation: Cleanup
Event: 24.493 Executing VM operation: Cleanup done
Event: 25.246 Executing VM operation: G1CollectForAllocation
Event: 25.374 Executing VM operation: G1CollectForAllocation done
Event: 26.381 Executing VM operation: Cleanup
Event: 26.381 Executing VM operation: Cleanup done
Event: 27.381 Executing VM operation: CollectForMetadataAllocation
Event: 27.402 Executing VM operation: CollectForMetadataAllocation done
Event: 27.413 Executing VM operation: G1PauseRemark
Event: 27.417 Executing VM operation: G1PauseRemark done
Event: 27.423 Executing VM operation: G1PauseCleanup
Event: 27.424 Executing VM operation: G1PauseCleanup done

Events (20 events):
Event: 27.322 loading class java/io/ObjectInput done
Event: 27.322 loading class java/io/ObjectStreamConstants
Event: 27.322 loading class java/io/ObjectStreamConstants done
Event: 27.322 loading class java/io/ObjectInputStream done
Event: 27.322 loading class java/io/ObjectOutputStream
Event: 27.323 loading class java/io/ObjectOutput
Event: 27.323 loading class java/io/ObjectOutput done
Event: 27.323 loading class java/io/ObjectOutputStream done
Event: 27.323 loading class java/lang/Process
Event: 27.323 loading class java/lang/Process done
Event: 27.325 loading class java/io/DataOutputStream
Event: 27.326 loading class java/io/DataOutputStream done
Event: 27.326 loading class java/net/Socket
Event: 27.327 loading class java/net/Socket done
Event: 27.327 loading class java/net/ServerSocket
Event: 27.328 loading class java/net/ServerSocket done
Event: 27.720 loading class java/util/LinkedList$ListItr
Event: 27.721 loading class java/util/LinkedList$ListItr done
Event: 27.991 loading class java/lang/reflect/MalformedParameterizedTypeException
Event: 27.991 loading class java/lang/reflect/MalformedParameterizedTypeException done


Dynamic libraries:
0x00007ff7b3ec0000 - 0x00007ff7b3ece000 	c:\Users\Chanet Lanka\.vscode\extensions\redhat.java-1.23.0-win32-x64\jre\17.0.8.1-win32-x86_64\bin\java.exe
0x00007ff83bb30000 - 0x00007ff83bd27000 	C:\Windows\SYSTEM32\ntdll.dll
0x00007ff83b770000 - 0x00007ff83b82d000 	C:\Windows\System32\KERNEL32.DLL
0x00007ff839560000 - 0x00007ff839856000 	C:\Windows\System32\KERNELBASE.dll
0x00007ff839210000 - 0x00007ff839310000 	C:\Windows\System32\ucrtbase.dll
0x00007ff8306e0000 - 0x00007ff8306f7000 	c:\Users\Chanet Lanka\.vscode\extensions\redhat.java-1.23.0-win32-x64\jre\17.0.8.1-win32-x86_64\bin\jli.dll
0x00007ff83b540000 - 0x00007ff83b6de000 	C:\Windows\System32\USER32.dll
0x00007ff839860000 - 0x00007ff839882000 	C:\Windows\System32\win32u.dll
0x00007ff83a510000 - 0x00007ff83a53c000 	C:\Windows\System32\GDI32.dll
0x00007ff8393a0000 - 0x00007ff8394ba000 	C:\Windows\System32\gdi32full.dll
0x00007ff8394c0000 - 0x00007ff83955d000 	C:\Windows\System32\msvcp_win.dll
0x00007ff829890000 - 0x00007ff8298a9000 	c:\Users\Chanet Lanka\.vscode\extensions\redhat.java-1.23.0-win32-x64\jre\17.0.8.1-win32-x86_64\bin\VCRUNTIME140.dll
0x00007ff824840000 - 0x00007ff824ada000 	C:\Windows\WinSxS\amd64_microsoft.windows.common-controls_6595b64144ccf1df_6.0.19041.3570_none_60bb2a3971f3e41a\COMCTL32.dll
0x00007ff83b2e0000 - 0x00007ff83b37e000 	C:\Windows\System32\msvcrt.dll
0x00007ff839d20000 - 0x00007ff839d50000 	C:\Windows\System32\IMM32.DLL
0x00007ff829880000 - 0x00007ff82988c000 	c:\Users\Chanet Lanka\.vscode\extensions\redhat.java-1.23.0-win32-x64\jre\17.0.8.1-win32-x86_64\bin\vcruntime140_1.dll
0x00007ff81c130000 - 0x00007ff81c1c1000 	c:\Users\Chanet Lanka\.vscode\extensions\redhat.java-1.23.0-win32-x64\jre\17.0.8.1-win32-x86_64\bin\msvcp140.dll
0x00007ffff8df0000 - 0x00007ffff9a3c000 	c:\Users\Chanet Lanka\.vscode\extensions\redhat.java-1.23.0-win32-x64\jre\17.0.8.1-win32-x86_64\bin\server\jvm.dll
0x00007ff83a460000 - 0x00007ff83a50e000 	C:\Windows\System32\ADVAPI32.dll
0x00007ff83add0000 - 0x00007ff83ae6c000 	C:\Windows\System32\sechost.dll
0x00007ff839e00000 - 0x00007ff839f26000 	C:\Windows\System32\RPCRT4.dll
0x00007ff838fc0000 - 0x00007ff83900b000 	C:\Windows\SYSTEM32\POWRPROF.dll
0x00007ff8313e0000 - 0x00007ff8313e9000 	C:\Windows\SYSTEM32\WSOCK32.dll
0x00007ff83a3f0000 - 0x00007ff83a45b000 	C:\Windows\System32\WS2_32.dll
0x00007ff82cc00000 - 0x00007ff82cc27000 	C:\Windows\SYSTEM32\WINMM.dll
0x00007ff82cc30000 - 0x00007ff82cc3a000 	C:\Windows\SYSTEM32\VERSION.dll
0x00007ff838fa0000 - 0x00007ff838fb2000 	C:\Windows\SYSTEM32\UMPDC.dll
0x00007ff836fd0000 - 0x00007ff836fe2000 	C:\Windows\SYSTEM32\kernel.appcore.dll
0x00007ff834a60000 - 0x00007ff834a6a000 	c:\Users\Chanet Lanka\.vscode\extensions\redhat.java-1.23.0-win32-x64\jre\17.0.8.1-win32-x86_64\bin\jimage.dll
0x00007ff831160000 - 0x00007ff831344000 	C:\Windows\SYSTEM32\DBGHELP.DLL
0x00007ff831120000 - 0x00007ff831154000 	C:\Windows\SYSTEM32\dbgcore.DLL
0x00007ff839310000 - 0x00007ff839392000 	C:\Windows\System32\bcryptPrimitives.dll
0x00007ff8237e0000 - 0x00007ff823805000 	c:\Users\Chanet Lanka\.vscode\extensions\redhat.java-1.23.0-win32-x64\jre\17.0.8.1-win32-x86_64\bin\java.dll
0x00007ff834880000 - 0x00007ff834898000 	c:\Users\Chanet Lanka\.vscode\extensions\redhat.java-1.23.0-win32-x64\jre\17.0.8.1-win32-x86_64\bin\zip.dll
0x00007ff83a660000 - 0x00007ff83ada4000 	C:\Windows\System32\SHELL32.dll
0x00007ff8372b0000 - 0x00007ff837a4b000 	C:\Windows\SYSTEM32\windows.storage.dll
0x00007ff83a080000 - 0x00007ff83a3d4000 	C:\Windows\System32\combase.dll
0x00007ff838b80000 - 0x00007ff838bad000 	C:\Windows\SYSTEM32\Wldp.dll
0x00007ff839d50000 - 0x00007ff839dfd000 	C:\Windows\System32\SHCORE.dll
0x00007ff83b890000 - 0x00007ff83b8e5000 	C:\Windows\System32\shlwapi.dll
0x00007ff839140000 - 0x00007ff839165000 	C:\Windows\SYSTEM32\profapi.dll
0x00007ff833700000 - 0x00007ff833719000 	C:\Users\Chanet Lanka\.vscode\extensions\redhat.java-1.23.0-win32-x64\jre\17.0.8.1-win32-x86_64\bin\net.dll
0x00007ff831600000 - 0x00007ff83170a000 	C:\Windows\SYSTEM32\WINHTTP.dll
0x00007ff8388e0000 - 0x00007ff83894a000 	C:\Windows\system32\mswsock.dll
0x00007ff8335d0000 - 0x00007ff8335e5000 	C:\Users\Chanet Lanka\.vscode\extensions\redhat.java-1.23.0-win32-x64\jre\17.0.8.1-win32-x86_64\bin\nio.dll

dbghelp: loaded successfully - version: 4.0.5 - missing functions: none
symbol engine: initialized successfully - sym options: 0x614 - pdb path: .;c:\Users\Chanet Lanka\.vscode\extensions\redhat.java-1.23.0-win32-x64\jre\17.0.8.1-win32-x86_64\bin;C:\Windows\SYSTEM32;C:\Windows\WinSxS\amd64_microsoft.windows.common-controls_6595b64144ccf1df_6.0.19041.3570_none_60bb2a3971f3e41a;c:\Users\Chanet Lanka\.vscode\extensions\redhat.java-1.23.0-win32-x64\jre\17.0.8.1-win32-x86_64\bin\server

VM Arguments:
jvm_args: -XX:+HeapDumpOnOutOfMemoryError -Xmx1024m -Dsts.lsp.client=vscode -Dsts.log.file=/dev/null -XX:TieredStopAtLevel=1 -Xlog:jni+resolve=off -Dspring.config.location=file:c:\Users\Chanet Lanka\.vscode\extensions\vmware.vscode-spring-boot-1.49.0\language-server\BOOT-INF\classes\application.properties 
java_command: org.springframework.ide.vscode.boot.app.BootLanguageServerBootApp
java_class_path (initial): c:\Users\Chanet Lanka\.vscode\extensions\vmware.vscode-spring-boot-1.49.0\language-server\BOOT-INF\classes;c:\Users\Chanet Lanka\.vscode\extensions\vmware.vscode-spring-boot-1.49.0\language-server\BOOT-INF\lib\annotations-24.0.1.jar;c:\Users\Chanet Lanka\.vscode\extensions\vmware.vscode-spring-boot-1.49.0\language-server\BOOT-INF\lib\antlr-runtime-3.5.3.jar;c:\Users\Chanet Lanka\.vscode\extensions\vmware.vscode-spring-boot-1.49.0\language-server\BOOT-INF\lib\antlr4-4.11.1.jar;c:\Users\Chanet Lanka\.vscode\extensions\vmware.vscode-spring-boot-1.49.0\language-server\BOOT-INF\lib\antlr4-runtime-4.11.1.jar;c:\Users\Chanet Lanka\.vscode\extensions\vmware.vscode-spring-boot-1.49.0\language-server\BOOT-INF\lib\archunit-1.1.0.jar;c:\Users\Chanet Lanka\.vscode\extensions\vmware.vscode-spring-boot-1.49.0\language-server\BOOT-INF\lib\asm-9.5.jar;c:\Users\Chanet Lanka\.vscode\extensions\vmware.vscode-spring-boot-1.49.0\language-server\BOOT-INF\lib\asm-analysis-9.5.jar;c:\Users\Chanet Lanka\.vscode\extensions\vmware.vscode-spring-boot-1.49.0\language-server\BOOT-INF\lib\asm-tree-9.5.jar;c:\Users\Chanet Lanka\.vscode\extensions\vmware.vscode-spring-boot-1.49.0\language-server\BOOT-INF\lib\asm-util-9.5.jar;c:\Users\Chanet Lanka\.vscode\extensions\vmware.vscode-spring-boot-1.49.0\language-server\BOOT-INF\lib\bosh-language-server-1.49.0-SNAPSHOT.jar;c:\Users\Chanet Lanka\.vscode\extensions\vmware.vscode-spring-boot-1.49.0\language-server\BOOT-INF\lib\caffeine-3.1.6.jar;c:\Users\Chanet Lanka\.vscode\extensions\vmware.vscode-spring-boot-1.49.0\language-server\BOOT-INF\lib\checker-qual-3.12.0.jar;c:\Users\Chanet Lanka\.vscode\extensions\vmware.vscode-spring-boot-1.49.0\language-server\BOOT-INF\lib\classgraph-4.8.149.jar;c:\Users\Chanet Lanka\.vscode\extensions\vmware.vscode-spring-boot-1.49.0\language-server\BOOT-INF\lib\commons-codec-1.15.jar;c:\Users\Chanet Lanka\.vscode\extensions\vmware.vscode-spring-boot-1.49.0\language-server\BOOT-INF\lib\commons-comp
Launcher Type: SUN_STANDARD

[Global flags]
     intx CICompilerCount                          = 2                                         {product} {ergonomic}
     uint ConcGCThreads                            = 1                                         {product} {ergonomic}
     uint G1ConcRefinementThreads                  = 2                                         {product} {ergonomic}
   size_t G1HeapRegionSize                         = 1048576                                   {product} {ergonomic}
    uintx GCDrainStackTargetSize                   = 64                                        {product} {ergonomic}
     bool HeapDumpOnOutOfMemoryError               = true                                   {manageable} {command line}
   size_t InitialHeapSize                          = 67108864                                  {product} {ergonomic}
   size_t MarkStackSize                            = 4194304                                   {product} {ergonomic}
   size_t MaxHeapSize                              = 1073741824                                {product} {command line}
   size_t MaxNewSize                               = 643825664                                 {product} {ergonomic}
   size_t MinHeapDeltaBytes                        = 1048576                                   {product} {ergonomic}
   size_t MinHeapSize                              = 8388608                                   {product} {ergonomic}
    uintx NonProfiledCodeHeapSize                  = 0                                      {pd product} {ergonomic}
     bool ProfileInterpreter                       = false                                  {pd product} {command line}
    uintx ProfiledCodeHeapSize                     = 0                                      {pd product} {ergonomic}
   size_t SoftMaxHeapSize                          = 1073741824                             {manageable} {ergonomic}
     intx TieredStopAtLevel                        = 1                                         {product} {command line}
     bool UseCompressedClassPointers               = true                           {product lp64_product} {ergonomic}
     bool UseCompressedOops                        = true                           {product lp64_product} {ergonomic}
     bool UseG1GC                                  = true                                      {product} {ergonomic}
     bool UseLargePagesIndividualAllocation        = false                                  {pd product} {ergonomic}

Logging:
Log output configuration:
 #0: stdout all=warning,jni+resolve=off uptime,level,tags
 #1: stderr all=off uptime,level,tags

Environment Variables:
JAVA_HOME=C:\Program Files\Java\jdk-17
PATH=C:\Program Files\Common Files\Oracle\Java\javapath;C:\Windows\system32;C:\Windows;C:\Windows\System32\Wbem;C:\Windows\System32\WindowsPowerShell\v1.0\;C:\Windows\System32\OpenSSH\;C:\Program Files\MySQL\MySQL Server 8.0\bin;C:\Program Files\Maven\apache-maven-3.9.4\bin;C:\Program Files\Git\cmd;C:\Program Files\Java\jdk-17\bin;C:\Program Files\nodejs\;C:\ProgramData\chocolatey\bin;C:\Program Files\MySQL\MySQL Shell 8.0\bin\;C:\Users\Chanet Lanka\AppData\Local\Microsoft\WindowsApps;;C:\Users\Chanet Lanka\AppData\Local\Programs\Microsoft VS Code\bin;C:\Users\Chanet Lanka\AppData\Roaming\npm
USERNAME=Prajeeth_W
OS=Windows_NT
PROCESSOR_IDENTIFIER=AMD64 Family 21 Model 112 Stepping 0, AuthenticAMD
TMP=C:\Users\CHANET~1\AppData\Local\Temp
TEMP=C:\Users\CHANET~1\AppData\Local\Temp



---------------  S Y S T E M  ---------------

OS:
 Windows 10 , 64 bit Build 19041 (10.0.19041.3570)
OS uptime: 4 days 22:47 hours

CPU: total 2 (initial active 2) (2 cores per cpu, 1 threads per core) family 21 model 112 stepping 0 microcode 0x0, cx8, cmov, fxsr, mmx, 3dnowpref, sse, sse2, sse3, ssse3, sse4a, sse4.1, sse4.2, popcnt, lzcnt, tsc, tscinvbit, avx, avx2, aes, clmul, bmi1, bmi2, fma, vzeroupper, clflush
Processor Information for all 2 processors :
  Max Mhz: 2600, Current Mhz: 2600, Mhz Limit: 2600

Memory: 4k page, system-wide physical 3979M (273M free)
TotalPageFile size 16267M (AvailPageFile size 0M)
current process WorkingSet (physical memory assigned to process): 100M, peak: 108M
current process commit charge ("private bytes"): 141M, peak: 150M

vm_info: OpenJDK 64-Bit Server VM (17.0.8.1+1) for windows-amd64 JRE (17.0.8.1+1), built on Aug 23 2023 15:29:17 by "admin" with MS VC++ 16.7 (VS2019)

END.
