#
# There is insufficient memory for the Java Runtime Environment to continue.
# Native memory allocation (mmap) failed to map 65536 bytes for Failed to commit metaspace.
# Possible reasons:
#   The system is out of physical RAM or swap space
#   The process is running with CompressedOops enabled, and the Java Heap may be blocking the growth of the native heap
# Possible solutions:
#   Reduce memory load on the system
#   Increase physical memory or swap space
#   Check if swap backing store is full
#   Decrease Java heap size (-Xmx/-Xms)
#   Decrease number of Java threads
#   Decrease Java thread stack sizes (-Xss)
#   Set larger code cache with -XX:ReservedCodeCacheSize=
#   JVM is running with Unscaled Compressed Oops mode in which the Java heap is
#     placed in the first 4GB address space. The Java Heap base address is the
#     maximum limit for the native heap growth. Please use -XX:HeapBaseMinAddress
#     to set the Java Heap base and to place the Java Heap above 4GB virtual address.
# This output file may be truncated or incomplete.
#
#  Out of Memory Error (virtualSpaceNode.cpp:110), pid=10048, tid=14340
#
# JRE version: OpenJDK Runtime Environment Temurin-17.0.8.1+1 (17.0.8.1+1) (build 17.0.8.1+1)
# Java VM: OpenJDK 64-Bit Server VM Temurin-17.0.8.1+1 (17.0.8.1+1, mixed mode, emulated-client, tiered, compressed oops, compressed class ptrs, g1 gc, windows-amd64)
# No core dump will be written. Minidumps are not enabled by default on client versions of Windows
#

---------------  S U M M A R Y ------------

Command Line: -XX:+HeapDumpOnOutOfMemoryError -Xmx1024m -Dsts.lsp.client=vscode -Dsts.log.file=/dev/null -XX:TieredStopAtLevel=1 -Xlog:jni+resolve=off -Dspring.config.location=file:c:\Users\Chanet Lanka\.vscode\extensions\vmware.vscode-spring-boot-1.49.0\language-server\BOOT-INF\classes\application.properties org.springframework.ide.vscode.boot.app.BootLanguageServerBootApp

Host: AMD A6-9225 RADEON R4, 5 COMPUTE CORES 2C+3G   , 2 cores, 3G,  Windows 10 , 64 bit Build 19041 (10.0.19041.3570)
Time: Fri Oct 20 00:25:49 2023 Sri Lanka Standard Time elapsed time: 8.060194 seconds (0d 0h 0m 8s)

---------------  T H R E A D  ---------------

Current thread (0x000002a0a0c52840):  JavaThread "main" [_thread_in_vm, id=14340, stack(0x000000a3c2500000,0x000000a3c2600000)]

Stack: [0x000000a3c2500000,0x000000a3c2600000]
Native frames: (J=compiled Java code, j=interpreted, Vv=VM code, C=native code)
V  [jvm.dll+0x678b0a]
V  [jvm.dll+0x835e84]
V  [jvm.dll+0x83762e]
V  [jvm.dll+0x837c93]
V  [jvm.dll+0x24746f]
V  [jvm.dll+0x831f1b]
V  [jvm.dll+0x61d3c6]
V  [jvm.dll+0x61d42a]
V  [jvm.dll+0x61fc5a]
V  [jvm.dll+0x61dd66]
V  [jvm.dll+0x62eba9]
V  [jvm.dll+0x627f14]
V  [jvm.dll+0x382151]
C  0x000002a0a38dc27e

Java frames: (J=compiled Java code, j=interpreted, Vv=VM code)
j  java.lang.invoke.MethodHandles$Lookup.findBoundCallerLookup(Ljava/lang/invoke/MemberName;)Ljava/lang/invoke/MethodHandles$Lookup;+0 java.base@17.0.8.1
j  java.lang.invoke.MethodHandles$Lookup.getDirectMethodForConstant(BLjava/lang/Class;Ljava/lang/invoke/MemberName;)Ljava/lang/invoke/MethodHandle;+28 java.base@17.0.8.1
j  java.lang.invoke.MethodHandles$Lookup.linkMethodHandleConstant(BLjava/lang/Class;Ljava/lang/String;Ljava/lang/Object;)Ljava/lang/invoke/MethodHandle;+152 java.base@17.0.8.1
j  java.lang.invoke.MethodHandleNatives.linkMethodHandleConstant(Ljava/lang/Class;ILjava/lang/Class;Ljava/lang/String;Ljava/lang/Object;)Ljava/lang/invoke/MethodHandle;+38 java.base@17.0.8.1
v  ~StubRoutines::call_stub
j  java.util.ResourceBundle.getLoader(Ljava/lang/Module;)Ljava/lang/ClassLoader;+6 java.base@17.0.8.1
j  java.util.ResourceBundle.getBundleImpl(Ljava/lang/String;Ljava/util/Locale;Ljava/lang/Class;Ljava/lang/ClassLoader;Ljava/util/ResourceBundle$Control;)Ljava/util/ResourceBundle;+32 java.base@17.0.8.1
j  java.util.ResourceBundle.getBundleImpl(Ljava/lang/String;Ljava/util/Locale;Ljava/lang/Class;Ljava/util/ResourceBundle$Control;)Ljava/util/ResourceBundle;+8 java.base@17.0.8.1
j  java.util.ResourceBundle.getBundle(Ljava/lang/String;)Ljava/util/ResourceBundle;+14 java.base@17.0.8.1
j  sun.launcher.LauncherHelper$ResourceBundleHolder.<clinit>()V+2 java.base@17.0.8.1
v  ~StubRoutines::call_stub
j  sun.launcher.LauncherHelper.getLocalizedMessage(Ljava/lang/String;[Ljava/lang/Object;)Ljava/lang/String;+0 java.base@17.0.8.1
j  sun.launcher.LauncherHelper.abort(Ljava/lang/Throwable;Ljava/lang/String;[Ljava/lang/Object;)V+9 java.base@17.0.8.1
j  sun.launcher.LauncherHelper.validateMainClass(Ljava/lang/Class;)V+140 java.base@17.0.8.1
j  sun.launcher.LauncherHelper.checkAndLoadMain(ZILjava/lang/String;)Ljava/lang/Class;+78 java.base@17.0.8.1
v  ~StubRoutines::call_stub

---------------  P R O C E S S  ---------------

Threads class SMR info:
_java_thread_list=0x000002a0aad43370, length=11, elements={
0x000002a0a0c52840, 0x000002a0aad5ab40, 0x000002a0aad5d6e0, 0x000002a0aad88930,
0x000002a0aad894c0, 0x000002a0aad8ada0, 0x000002a0aad8b670, 0x000002a0aad8bf40,
0x000002a0aadb2ee0, 0x000002a0af1be160, 0x000002a0af1c6930
}

Java Threads: ( => current thread )
=>0x000002a0a0c52840 JavaThread "main" [_thread_in_vm, id=14340, stack(0x000000a3c2500000,0x000000a3c2600000)]
  0x000002a0aad5ab40 JavaThread "Reference Handler" daemon [_thread_blocked, id=11764, stack(0x000000a3c2d00000,0x000000a3c2e00000)]
  0x000002a0aad5d6e0 JavaThread "Finalizer" daemon [_thread_blocked, id=14732, stack(0x000000a3c2e00000,0x000000a3c2f00000)]
  0x000002a0aad88930 JavaThread "Signal Dispatcher" daemon [_thread_blocked, id=14096, stack(0x000000a3c2f00000,0x000000a3c3000000)]
  0x000002a0aad894c0 JavaThread "Attach Listener" daemon [_thread_blocked, id=6804, stack(0x000000a3c3000000,0x000000a3c3100000)]
  0x000002a0aad8ada0 JavaThread "Service Thread" daemon [_thread_blocked, id=12604, stack(0x000000a3c3100000,0x000000a3c3200000)]
  0x000002a0aad8b670 JavaThread "Monitor Deflation Thread" daemon [_thread_blocked, id=14912, stack(0x000000a3c3200000,0x000000a3c3300000)]
  0x000002a0aad8bf40 JavaThread "C1 CompilerThread0" daemon [_thread_blocked, id=16252, stack(0x000000a3c3300000,0x000000a3c3400000)]
  0x000002a0aadb2ee0 JavaThread "Sweeper thread" daemon [_thread_blocked, id=13124, stack(0x000000a3c3400000,0x000000a3c3500000)]
  0x000002a0af1be160 JavaThread "Notification Thread" daemon [_thread_blocked, id=16260, stack(0x000000a3c3500000,0x000000a3c3600000)]
  0x000002a0af1c6930 JavaThread "Common-Cleaner" daemon [_thread_blocked, id=3184, stack(0x000000a3c3700000,0x000000a3c3800000)]

Other Threads:
  0x000002a0aad43a90 VMThread "VM Thread" [stack: 0x000000a3c2c00000,0x000000a3c2d00000] [id=1532]
  0x000002a0af1be640 WatcherThread [stack: 0x000000a3c3600000,0x000000a3c3700000] [id=16328]
  0x000002a0a0c8f890 GCTaskThread "GC Thread#0" [stack: 0x000000a3c2700000,0x000000a3c2800000] [id=9976]
  0x000002a0af4ba870 GCTaskThread "GC Thread#1" [stack: 0x000000a3c3900000,0x000000a3c3a00000] [id=13448]
  0x000002a0a0c986f0 ConcurrentGCThread "G1 Main Marker" [stack: 0x000000a3c2800000,0x000000a3c2900000] [id=1104]
  0x000002a0a0c99010 ConcurrentGCThread "G1 Conc#0" [stack: 0x000000a3c2900000,0x000000a3c2a00000] [id=2124]
  0x000002a0a0cdf4e0 ConcurrentGCThread "G1 Refine#0" [stack: 0x000000a3c2a00000,0x000000a3c2b00000] [id=9224]
  0x000002a0a0cdfe20 ConcurrentGCThread "G1 Service" [stack: 0x000000a3c2b00000,0x000000a3c2c00000] [id=9596]

Threads with active compile tasks:

VM state: not at safepoint (normal execution)

VM Mutex/Monitor currently owned by a thread:  ([mutex/lock_event])
[0x000002a09eb1cf00] Metaspace_lock - owner thread: 0x000002a0a0c52840

OutOfMemory and StackOverflow Exception counts:
OutOfMemoryError java_heap_errors=1

Heap address: 0x00000000c0000000, size: 1024 MB, Compressed Oops mode: 32-bit

CDS archive(s) not mapped
Compressed class space mapped at: 0x0000000100000000-0x0000000140000000, reserved size: 1073741824
Narrow klass base: 0x0000000000000000, Narrow klass shift: 3, Narrow klass range: 0x140000000

GC Precious Log:
 CPUs: 2 total, 2 available
 Memory: 3979M
 Large Page Support: Disabled
 NUMA Support: Disabled
 Compressed Oops: Enabled (32-bit)
 Heap Region Size: 1M
 Heap Min Capacity: 8M
 Heap Initial Capacity: 64M
 Heap Max Capacity: 1G
 Pre-touch: Disabled
 Parallel Workers: 2
 Concurrent Workers: 1
 Concurrent Refinement Workers: 2
 Periodic GC: Disabled

Heap:
 garbage-first heap   total 65536K, used 5825K [0x00000000c0000000, 0x0000000100000000)
  region size 1024K, 3 young (3072K), 1 survivors (1024K)
 Metaspace       used 4339K, committed 4480K, reserved 1114112K
  class space    used 417K, committed 512K, reserved 1048576K

Heap Regions: E=young(eden), S=young(survivor), O=old, HS=humongous(starts), HC=humongous(continues), CS=collection set, F=free, OA=open archive, CA=closed archive, TAMS=top-at-mark-start (previous, next)
|   0|0x00000000c0000000, 0x00000000c0100000, 0x00000000c0100000|100%| O|  |TAMS 0x00000000c0000000, 0x00000000c0000000| Untracked 
|   1|0x00000000c0100000, 0x00000000c0200000, 0x00000000c0200000|100%| O|  |TAMS 0x00000000c0100000, 0x00000000c0100000| Untracked 
|   2|0x00000000c0200000, 0x00000000c0300000, 0x00000000c0300000|100%| O|  |TAMS 0x00000000c0200000, 0x00000000c0200000| Untracked 
|   3|0x00000000c0300000, 0x00000000c03b0600, 0x00000000c0400000| 68%| O|  |TAMS 0x00000000c0300000, 0x00000000c0300000| Untracked 
|   4|0x00000000c0400000, 0x00000000c0400000, 0x00000000c0500000|  0%| F|  |TAMS 0x00000000c0400000, 0x00000000c0400000| Untracked 
|   5|0x00000000c0500000, 0x00000000c0500000, 0x00000000c0600000|  0%| F|  |TAMS 0x00000000c0500000, 0x00000000c0500000| Untracked 
|   6|0x00000000c0600000, 0x00000000c0600000, 0x00000000c0700000|  0%| F|  |TAMS 0x00000000c0600000, 0x00000000c0600000| Untracked 
|   7|0x00000000c0700000, 0x00000000c0700000, 0x00000000c0800000|  0%| F|  |TAMS 0x00000000c0700000, 0x00000000c0700000| Untracked 
|   8|0x00000000c0800000, 0x00000000c0800000, 0x00000000c0900000|  0%| F|  |TAMS 0x00000000c0800000, 0x00000000c0800000| Untracked 
|   9|0x00000000c0900000, 0x00000000c0900000, 0x00000000c0a00000|  0%| F|  |TAMS 0x00000000c0900000, 0x00000000c0900000| Untracked 
|  10|0x00000000c0a00000, 0x00000000c0a00000, 0x00000000c0b00000|  0%| F|  |TAMS 0x00000000c0a00000, 0x00000000c0a00000| Untracked 
|  11|0x00000000c0b00000, 0x00000000c0b00000, 0x00000000c0c00000|  0%| F|  |TAMS 0x00000000c0b00000, 0x00000000c0b00000| Untracked 
|  12|0x00000000c0c00000, 0x00000000c0c00000, 0x00000000c0d00000|  0%| F|  |TAMS 0x00000000c0c00000, 0x00000000c0c00000| Untracked 
|  13|0x00000000c0d00000, 0x00000000c0d00000, 0x00000000c0e00000|  0%| F|  |TAMS 0x00000000c0d00000, 0x00000000c0d00000| Untracked 
|  14|0x00000000c0e00000, 0x00000000c0e00000, 0x00000000c0f00000|  0%| F|  |TAMS 0x00000000c0e00000, 0x00000000c0e00000| Untracked 
|  15|0x00000000c0f00000, 0x00000000c0f00000, 0x00000000c1000000|  0%| F|  |TAMS 0x00000000c0f00000, 0x00000000c0f00000| Untracked 
|  16|0x00000000c1000000, 0x00000000c1000000, 0x00000000c1100000|  0%| F|  |TAMS 0x00000000c1000000, 0x00000000c1000000| Untracked 
|  17|0x00000000c1100000, 0x00000000c1100000, 0x00000000c1200000|  0%| F|  |TAMS 0x00000000c1100000, 0x00000000c1100000| Untracked 
|  18|0x00000000c1200000, 0x00000000c1200000, 0x00000000c1300000|  0%| F|  |TAMS 0x00000000c1200000, 0x00000000c1200000| Untracked 
|  19|0x00000000c1300000, 0x00000000c1300000, 0x00000000c1400000|  0%| F|  |TAMS 0x00000000c1300000, 0x00000000c1300000| Untracked 
|  20|0x00000000c1400000, 0x00000000c1400000, 0x00000000c1500000|  0%| F|  |TAMS 0x00000000c1400000, 0x00000000c1400000| Untracked 
|  21|0x00000000c1500000, 0x00000000c1500000, 0x00000000c1600000|  0%| F|  |TAMS 0x00000000c1500000, 0x00000000c1500000| Untracked 
|  22|0x00000000c1600000, 0x00000000c1600000, 0x00000000c1700000|  0%| F|  |TAMS 0x00000000c1600000, 0x00000000c1600000| Untracked 
|  23|0x00000000c1700000, 0x00000000c1700000, 0x00000000c1800000|  0%| F|  |TAMS 0x00000000c1700000, 0x00000000c1700000| Untracked 
|  24|0x00000000c1800000, 0x00000000c1800000, 0x00000000c1900000|  0%| F|  |TAMS 0x00000000c1800000, 0x00000000c1800000| Untracked 
|  25|0x00000000c1900000, 0x00000000c1900000, 0x00000000c1a00000|  0%| F|  |TAMS 0x00000000c1900000, 0x00000000c1900000| Untracked 
|  26|0x00000000c1a00000, 0x00000000c1a00000, 0x00000000c1b00000|  0%| F|  |TAMS 0x00000000c1a00000, 0x00000000c1a00000| Untracked 
|  27|0x00000000c1b00000, 0x00000000c1b00000, 0x00000000c1c00000|  0%| F|  |TAMS 0x00000000c1b00000, 0x00000000c1b00000| Untracked 
|  28|0x00000000c1c00000, 0x00000000c1c00000, 0x00000000c1d00000|  0%| F|  |TAMS 0x00000000c1c00000, 0x00000000c1c00000| Untracked 
|  29|0x00000000c1d00000, 0x00000000c1d00000, 0x00000000c1e00000|  0%| F|  |TAMS 0x00000000c1d00000, 0x00000000c1d00000| Untracked 
|  30|0x00000000c1e00000, 0x00000000c1e00000, 0x00000000c1f00000|  0%| F|  |TAMS 0x00000000c1e00000, 0x00000000c1e00000| Untracked 
|  31|0x00000000c1f00000, 0x00000000c1f00000, 0x00000000c2000000|  0%| F|  |TAMS 0x00000000c1f00000, 0x00000000c1f00000| Untracked 
|  32|0x00000000c2000000, 0x00000000c2000000, 0x00000000c2100000|  0%| F|  |TAMS 0x00000000c2000000, 0x00000000c2000000| Untracked 
|  33|0x00000000c2100000, 0x00000000c2100000, 0x00000000c2200000|  0%| F|  |TAMS 0x00000000c2100000, 0x00000000c2100000| Untracked 
|  34|0x00000000c2200000, 0x00000000c2200000, 0x00000000c2300000|  0%| F|  |TAMS 0x00000000c2200000, 0x00000000c2200000| Untracked 
|  35|0x00000000c2300000, 0x00000000c2300000, 0x00000000c2400000|  0%| F|  |TAMS 0x00000000c2300000, 0x00000000c2300000| Untracked 
|  36|0x00000000c2400000, 0x00000000c2400000, 0x00000000c2500000|  0%| F|  |TAMS 0x00000000c2400000, 0x00000000c2400000| Untracked 
|  37|0x00000000c2500000, 0x00000000c2500000, 0x00000000c2600000|  0%| F|  |TAMS 0x00000000c2500000, 0x00000000c2500000| Untracked 
|  38|0x00000000c2600000, 0x00000000c2600000, 0x00000000c2700000|  0%| F|  |TAMS 0x00000000c2600000, 0x00000000c2600000| Untracked 
|  39|0x00000000c2700000, 0x00000000c2700000, 0x00000000c2800000|  0%| F|  |TAMS 0x00000000c2700000, 0x00000000c2700000| Untracked 
|  40|0x00000000c2800000, 0x00000000c2800000, 0x00000000c2900000|  0%| F|  |TAMS 0x00000000c2800000, 0x00000000c2800000| Untracked 
|  41|0x00000000c2900000, 0x00000000c2900000, 0x00000000c2a00000|  0%| F|  |TAMS 0x00000000c2900000, 0x00000000c2900000| Untracked 
|  42|0x00000000c2a00000, 0x00000000c2a00000, 0x00000000c2b00000|  0%| F|  |TAMS 0x00000000c2a00000, 0x00000000c2a00000| Untracked 
|  43|0x00000000c2b00000, 0x00000000c2b00000, 0x00000000c2c00000|  0%| F|  |TAMS 0x00000000c2b00000, 0x00000000c2b00000| Untracked 
|  44|0x00000000c2c00000, 0x00000000c2c00000, 0x00000000c2d00000|  0%| F|  |TAMS 0x00000000c2c00000, 0x00000000c2c00000| Untracked 
|  45|0x00000000c2d00000, 0x00000000c2d00000, 0x00000000c2e00000|  0%| F|  |TAMS 0x00000000c2d00000, 0x00000000c2d00000| Untracked 
|  46|0x00000000c2e00000, 0x00000000c2e00000, 0x00000000c2f00000|  0%| F|  |TAMS 0x00000000c2e00000, 0x00000000c2e00000| Untracked 
|  47|0x00000000c2f00000, 0x00000000c2f00000, 0x00000000c3000000|  0%| F|  |TAMS 0x00000000c2f00000, 0x00000000c2f00000| Untracked 
|  48|0x00000000c3000000, 0x00000000c3000000, 0x00000000c3100000|  0%| F|  |TAMS 0x00000000c3000000, 0x00000000c3000000| Untracked 
|  49|0x00000000c3100000, 0x00000000c3100000, 0x00000000c3200000|  0%| F|  |TAMS 0x00000000c3100000, 0x00000000c3100000| Untracked 
|  50|0x00000000c3200000, 0x00000000c3200000, 0x00000000c3300000|  0%| F|  |TAMS 0x00000000c3200000, 0x00000000c3200000| Untracked 
|  51|0x00000000c3300000, 0x00000000c3300000, 0x00000000c3400000|  0%| F|  |TAMS 0x00000000c3300000, 0x00000000c3300000| Untracked 
|  52|0x00000000c3400000, 0x00000000c3400000, 0x00000000c3500000|  0%| F|  |TAMS 0x00000000c3400000, 0x00000000c3400000| Untracked 
|  53|0x00000000c3500000, 0x00000000c3500000, 0x00000000c3600000|  0%| F|  |TAMS 0x00000000c3500000, 0x00000000c3500000| Untracked 
|  54|0x00000000c3600000, 0x00000000c3600000, 0x00000000c3700000|  0%| F|  |TAMS 0x00000000c3600000, 0x00000000c3600000| Untracked 
|  55|0x00000000c3700000, 0x00000000c3700000, 0x00000000c3800000|  0%| F|  |TAMS 0x00000000c3700000, 0x00000000c3700000| Untracked 
|  56|0x00000000c3800000, 0x00000000c3800000, 0x00000000c3900000|  0%| F|  |TAMS 0x00000000c3800000, 0x00000000c3800000| Untracked 
|  57|0x00000000c3900000, 0x00000000c3a00000, 0x00000000c3a00000|100%| S|CS|TAMS 0x00000000c3900000, 0x00000000c3900000| Complete 
|  58|0x00000000c3a00000, 0x00000000c3a00000, 0x00000000c3b00000|  0%| F|  |TAMS 0x00000000c3a00000, 0x00000000c3a00000| Untracked 
|  59|0x00000000c3b00000, 0x00000000c3b00000, 0x00000000c3c00000|  0%| F|  |TAMS 0x00000000c3b00000, 0x00000000c3b00000| Untracked 
|  60|0x00000000c3c00000, 0x00000000c3c00000, 0x00000000c3d00000|  0%| F|  |TAMS 0x00000000c3c00000, 0x00000000c3c00000| Untracked 
|  61|0x00000000c3d00000, 0x00000000c3d00000, 0x00000000c3e00000|  0%| F|  |TAMS 0x00000000c3d00000, 0x00000000c3d00000| Untracked 
|  62|0x00000000c3e00000, 0x00000000c3e5bec8, 0x00000000c3f00000| 35%| E|  |TAMS 0x00000000c3e00000, 0x00000000c3e00000| Complete 
|  63|0x00000000c3f00000, 0x00000000c4000000, 0x00000000c4000000|100%| E|CS|TAMS 0x00000000c3f00000, 0x00000000c3f00000| Complete 

Card table byte_map: [0x000002a0a0830000,0x000002a0a0a30000] _byte_map_base: 0x000002a0a0230000

Marking Bits (Prev, Next): (CMBitMap*) 0x000002a0a0c8fdc0, (CMBitMap*) 0x000002a0a0c8fe00
 Prev Bits: [0x000002a0a6ad0000, 0x000002a0a7ad0000)
 Next Bits: [0x000002a0a7ad0000, 0x000002a0a8ad0000)

Polling page: 0x000002a09ebe0000

Metaspace:

Usage:
  Non-class:      3.83 MB used.
      Class:    417.70 KB used.
       Both:      4.24 MB used.

Virtual space:
  Non-class space:       64.00 MB reserved,       3.88 MB (  6%) committed,  1 nodes.
      Class space:        1.00 GB reserved,     512.00 KB ( <1%) committed,  1 nodes.
             Both:        1.06 GB reserved,       4.38 MB ( <1%) committed. 

Chunk freelists:
   Non-Class:  11.98 MB
       Class:  15.56 MB
        Both:  27.54 MB

MaxMetaspaceSize: unlimited
CompressedClassSpaceSize: 1.00 GB
Initial GC threshold: 21.00 MB
Current GC threshold: 21.00 MB
CDS: off
MetaspaceReclaimPolicy: balanced
 - commit_granule_bytes: 65536.
 - commit_granule_words: 8192.
 - virtual_space_node_default_size: 8388608.
 - enlarge_chunks_in_place: 1.
 - new_chunks_are_fully_committed: 0.
 - uncommit_free_chunks: 1.
 - use_allocation_guard: 0.
 - handle_deallocations: 1.


Internal statistics:

num_allocs_failed_limit: 0.
num_arena_births: 4.
num_arena_deaths: 0.
num_vsnodes_births: 2.
num_vsnodes_deaths: 0.
num_space_committed: 70.
num_space_uncommitted: 0.
num_chunks_returned_to_freelist: 0.
num_chunks_taken_from_freelist: 9.
num_chunk_merges: 0.
num_chunk_splits: 5.
num_chunks_enlarged: 2.
num_inconsistent_stats: 0.

CodeCache: size=49152Kb used=1421Kb max_used=1908Kb free=47730Kb
 bounds [0x000002a0a38d0000, 0x000002a0a3b40000, 0x000002a0a68d0000]
 total_blobs=585 nmethods=281 adapters=233
 compilation: enabled
              stopped_count=0, restarted_count=0
 full_count=0

Compilation events (20 events):
Event: 7.928 Thread 0x000002a0aad8bf40  271       1       sun.nio.fs.WindowsFileAttributes::lastModifiedTime (8 bytes)
Event: 7.928 Thread 0x000002a0aad8bf40 nmethod 271 0x000002a0a3a7c810 code [0x000002a0a3a7c9a0, 0x000002a0a3a7ca88]
Event: 7.928 Thread 0x000002a0aad8bf40  272   !   1       sun.nio.fs.WindowsFileAttributes::toFileTime (47 bytes)
Event: 7.929 Thread 0x000002a0aad8bf40 nmethod 272 0x000002a0a3a7bf10 code [0x000002a0a3a7c100, 0x000002a0a3a7c5c8]
Event: 7.929 Thread 0x000002a0aad8bf40  273       1       java.lang.Math::addExact (32 bytes)
Event: 7.929 Thread 0x000002a0aad8bf40 nmethod 273 0x000002a0a3a7bb90 code [0x000002a0a3a7bd20, 0x000002a0a3a7be68]
Event: 7.933 Thread 0x000002a0aad8bf40  275       1       java.util.ArrayList::get (15 bytes)
Event: 7.934 Thread 0x000002a0aad8bf40 nmethod 275 0x000002a0a3a7af10 code [0x000002a0a3a7b0e0, 0x000002a0a3a7b4a8]
Event: 7.934 Thread 0x000002a0aad8bf40  276       1       java.util.Objects::checkIndex (7 bytes)
Event: 7.935 Thread 0x000002a0aad8bf40 nmethod 276 0x000002a0a3a7a810 code [0x000002a0a3a7a9e0, 0x000002a0a3a7ad48]
Event: 7.935 Thread 0x000002a0aad8bf40  277       1       jdk.internal.util.Preconditions::checkIndex (18 bytes)
Event: 7.935 Thread 0x000002a0aad8bf40 nmethod 277 0x000002a0a3a7a110 code [0x000002a0a3a7a2e0, 0x000002a0a3a7a648]
Event: 7.949 Thread 0x000002a0aad8bf40  278   !   1       java.util.jar.JarFile::checkForSpecialAttributes (163 bytes)
Event: 7.951 Thread 0x000002a0aad8bf40 nmethod 278 0x000002a0a3a79090 code [0x000002a0a3a79300, 0x000002a0a3a79bd8]
Event: 7.956 Thread 0x000002a0aad8bf40  279       1       java.util.ArrayDeque::add (7 bytes)
Event: 7.956 Thread 0x000002a0aad8bf40 nmethod 279 0x000002a0a3a78d90 code [0x000002a0a3a78f20, 0x000002a0a3a79008]
Event: 7.956 Thread 0x000002a0aad8bf40  280       1       java.util.ArrayDeque::addLast (51 bytes)
Event: 7.957 Thread 0x000002a0aad8bf40 nmethod 280 0x000002a0a3a78810 code [0x000002a0a3a789c0, 0x000002a0a3a78c38]
Event: 7.973 Thread 0x000002a0aad8bf40  281   !   1       sun.net.www.ParseUtil::decode (317 bytes)
Event: 7.977 Thread 0x000002a0aad8bf40 nmethod 281 0x000002a0a3a76310 code [0x000002a0a3a766c0, 0x000002a0a3a779f8]

GC Heap History (2 events):
Event: 6.925 GC heap before
{Heap before GC invocations=0 (full 0):
 garbage-first heap   total 65536K, used 5120K [0x00000000c0000000, 0x0000000100000000)
  region size 1024K, 6 young (6144K), 0 survivors (0K)
 Metaspace       used 4218K, committed 4416K, reserved 1114112K
  class space    used 403K, committed 512K, reserved 1048576K
}
Event: 7.771 GC heap after
{Heap after GC invocations=1 (full 0):
 garbage-first heap   total 65536K, used 4801K [0x00000000c0000000, 0x0000000100000000)
  region size 1024K, 1 young (1024K), 1 survivors (1024K)
 Metaspace       used 4218K, committed 4416K, reserved 1114112K
  class space    used 403K, committed 512K, reserved 1048576K
}

Dll operation events (4 events):
Event: 0.146 Loaded shared library c:\Users\Chanet Lanka\.vscode\extensions\redhat.java-1.23.0-win32-x64\jre\17.0.8.1-win32-x86_64\bin\java.dll
Event: 4.397 Loaded shared library C:\Users\Chanet Lanka\.vscode\extensions\redhat.java-1.23.0-win32-x64\jre\17.0.8.1-win32-x86_64\bin\net.dll
Event: 4.410 Loaded shared library C:\Users\Chanet Lanka\.vscode\extensions\redhat.java-1.23.0-win32-x64\jre\17.0.8.1-win32-x86_64\bin\nio.dll
Event: 4.438 Loaded shared library C:\Users\Chanet Lanka\.vscode\extensions\redhat.java-1.23.0-win32-x64\jre\17.0.8.1-win32-x86_64\bin\zip.dll

Deoptimization events (0 events):
No events

Classes unloaded (0 events):
No events

Classes redefined (0 events):
No events

Internal exceptions (1 events):
Event: 8.046 Thread 0x000002a0a0c52840 Exception <a 'java/lang/OutOfMemoryError'{0x00000000c3e50080}> (0x00000000c3e50080) 
thrown [s\src\hotspot\share\prims\jni.cpp, line 535]

VM Operations (10 events):
Event: 2.081 Executing VM operation: Cleanup
Event: 2.082 Executing VM operation: Cleanup done
Event: 4.092 Executing VM operation: Cleanup
Event: 4.124 Executing VM operation: Cleanup done
Event: 4.636 Executing VM operation: HandshakeAllThreads
Event: 4.636 Executing VM operation: HandshakeAllThreads done
Event: 5.647 Executing VM operation: Cleanup
Event: 5.952 Executing VM operation: Cleanup done
Event: 6.924 Executing VM operation: G1CollectForAllocation
Event: 7.771 Executing VM operation: G1CollectForAllocation done

Events (20 events):
Event: 8.049 loading class jdk/internal/access/JavaUtilResourceBundleAccess done
Event: 8.049 loading class java/util/ResourceBundle$1 done
Event: 8.050 loading class java/util/ResourceBundle$2
Event: 8.050 loading class java/util/ResourceBundle$2 done
Event: 8.050 loading class java/util/ResourceBundle$Control
Event: 8.050 loading class java/util/ResourceBundle$Control done
Event: 8.051 loading class java/util/ResourceBundle$Control$CandidateListCache
Event: 8.051 loading class sun/util/locale/LocaleObjectCache
Event: 8.052 loading class sun/util/locale/LocaleObjectCache done
Event: 8.052 loading class java/util/ResourceBundle$Control$CandidateListCache done
Event: 8.052 loading class java/lang/invoke/LambdaMetafactory
Event: 8.052 loading class java/lang/invoke/LambdaMetafactory done
Event: 8.053 loading class java/lang/invoke/MethodType$ConcurrentWeakInternSet
Event: 8.053 loading class java/lang/invoke/MethodType$ConcurrentWeakInternSet done
Event: 8.054 loading class java/lang/Void
Event: 8.054 loading class java/lang/Void done
Event: 8.054 loading class java/lang/invoke/MethodTypeForm
Event: 8.054 loading class java/lang/invoke/MethodTypeForm done
Event: 8.055 loading class java/lang/invoke/MethodType$ConcurrentWeakInternSet$WeakEntry
Event: 8.055 loading class java/lang/invoke/MethodType$ConcurrentWeakInternSet$WeakEntry done


Dynamic libraries:
0x00007ff7b3ec0000 - 0x00007ff7b3ece000 	c:\Users\Chanet Lanka\.vscode\extensions\redhat.java-1.23.0-win32-x64\jre\17.0.8.1-win32-x86_64\bin\java.exe
0x00007ff83bb30000 - 0x00007ff83bd27000 	C:\Windows\SYSTEM32\ntdll.dll
0x00007ff83b770000 - 0x00007ff83b82d000 	C:\Windows\System32\KERNEL32.DLL
0x00007ff839560000 - 0x00007ff839856000 	C:\Windows\System32\KERNELBASE.dll
0x00007ff839210000 - 0x00007ff839310000 	C:\Windows\System32\ucrtbase.dll
0x00007ff8306e0000 - 0x00007ff8306f7000 	c:\Users\Chanet Lanka\.vscode\extensions\redhat.java-1.23.0-win32-x64\jre\17.0.8.1-win32-x86_64\bin\jli.dll
0x00007ff83b540000 - 0x00007ff83b6de000 	C:\Windows\System32\USER32.dll
0x00007ff839860000 - 0x00007ff839882000 	C:\Windows\System32\win32u.dll
0x00007ff83a510000 - 0x00007ff83a53c000 	C:\Windows\System32\GDI32.dll
0x00007ff8393a0000 - 0x00007ff8394ba000 	C:\Windows\System32\gdi32full.dll
0x00007ff8394c0000 - 0x00007ff83955d000 	C:\Windows\System32\msvcp_win.dll
0x00007ff829890000 - 0x00007ff8298a9000 	c:\Users\Chanet Lanka\.vscode\extensions\redhat.java-1.23.0-win32-x64\jre\17.0.8.1-win32-x86_64\bin\VCRUNTIME140.dll
0x00007ff824840000 - 0x00007ff824ada000 	C:\Windows\WinSxS\amd64_microsoft.windows.common-controls_6595b64144ccf1df_6.0.19041.3570_none_60bb2a3971f3e41a\COMCTL32.dll
0x00007ff83b2e0000 - 0x00007ff83b37e000 	C:\Windows\System32\msvcrt.dll
0x00007ff839d20000 - 0x00007ff839d50000 	C:\Windows\System32\IMM32.DLL
0x00007ff829880000 - 0x00007ff82988c000 	c:\Users\Chanet Lanka\.vscode\extensions\redhat.java-1.23.0-win32-x64\jre\17.0.8.1-win32-x86_64\bin\vcruntime140_1.dll
0x00007ff81c130000 - 0x00007ff81c1c1000 	c:\Users\Chanet Lanka\.vscode\extensions\redhat.java-1.23.0-win32-x64\jre\17.0.8.1-win32-x86_64\bin\msvcp140.dll
0x00007ffff8df0000 - 0x00007ffff9a3c000 	c:\Users\Chanet Lanka\.vscode\extensions\redhat.java-1.23.0-win32-x64\jre\17.0.8.1-win32-x86_64\bin\server\jvm.dll
0x00007ff83a460000 - 0x00007ff83a50e000 	C:\Windows\System32\ADVAPI32.dll
0x00007ff83add0000 - 0x00007ff83ae6c000 	C:\Windows\System32\sechost.dll
0x00007ff839e00000 - 0x00007ff839f26000 	C:\Windows\System32\RPCRT4.dll
0x00007ff838fc0000 - 0x00007ff83900b000 	C:\Windows\SYSTEM32\POWRPROF.dll
0x00007ff8313e0000 - 0x00007ff8313e9000 	C:\Windows\SYSTEM32\WSOCK32.dll
0x00007ff83a3f0000 - 0x00007ff83a45b000 	C:\Windows\System32\WS2_32.dll
0x00007ff82cc00000 - 0x00007ff82cc27000 	C:\Windows\SYSTEM32\WINMM.dll
0x00007ff82cc30000 - 0x00007ff82cc3a000 	C:\Windows\SYSTEM32\VERSION.dll
0x00007ff838fa0000 - 0x00007ff838fb2000 	C:\Windows\SYSTEM32\UMPDC.dll
0x00007ff836fd0000 - 0x00007ff836fe2000 	C:\Windows\SYSTEM32\kernel.appcore.dll
0x00007ff834a60000 - 0x00007ff834a6a000 	c:\Users\Chanet Lanka\.vscode\extensions\redhat.java-1.23.0-win32-x64\jre\17.0.8.1-win32-x86_64\bin\jimage.dll
0x00007ff831160000 - 0x00007ff831344000 	C:\Windows\SYSTEM32\DBGHELP.DLL
0x00007ff831120000 - 0x00007ff831154000 	C:\Windows\SYSTEM32\dbgcore.DLL
0x00007ff839310000 - 0x00007ff839392000 	C:\Windows\System32\bcryptPrimitives.dll
0x00007ff8237e0000 - 0x00007ff823805000 	c:\Users\Chanet Lanka\.vscode\extensions\redhat.java-1.23.0-win32-x64\jre\17.0.8.1-win32-x86_64\bin\java.dll
0x00007ff834880000 - 0x00007ff834898000 	c:\Users\Chanet Lanka\.vscode\extensions\redhat.java-1.23.0-win32-x64\jre\17.0.8.1-win32-x86_64\bin\zip.dll
0x00007ff83a660000 - 0x00007ff83ada4000 	C:\Windows\System32\SHELL32.dll
0x00007ff8372b0000 - 0x00007ff837a4b000 	C:\Windows\SYSTEM32\windows.storage.dll
0x00007ff83a080000 - 0x00007ff83a3d4000 	C:\Windows\System32\combase.dll
0x00007ff838b80000 - 0x00007ff838bad000 	C:\Windows\SYSTEM32\Wldp.dll
0x00007ff839d50000 - 0x00007ff839dfd000 	C:\Windows\System32\SHCORE.dll
0x00007ff83b890000 - 0x00007ff83b8e5000 	C:\Windows\System32\shlwapi.dll
0x00007ff839140000 - 0x00007ff839165000 	C:\Windows\SYSTEM32\profapi.dll
0x00007ff833700000 - 0x00007ff833719000 	C:\Users\Chanet Lanka\.vscode\extensions\redhat.java-1.23.0-win32-x64\jre\17.0.8.1-win32-x86_64\bin\net.dll
0x00007ff831600000 - 0x00007ff83170a000 	C:\Windows\SYSTEM32\WINHTTP.dll
0x00007ff8388e0000 - 0x00007ff83894a000 	C:\Windows\system32\mswsock.dll
0x00007ff8335d0000 - 0x00007ff8335e5000 	C:\Users\Chanet Lanka\.vscode\extensions\redhat.java-1.23.0-win32-x64\jre\17.0.8.1-win32-x86_64\bin\nio.dll

dbghelp: loaded successfully - version: 4.0.5 - missing functions: none
symbol engine: initialized successfully - sym options: 0x614 - pdb path: .;c:\Users\Chanet Lanka\.vscode\extensions\redhat.java-1.23.0-win32-x64\jre\17.0.8.1-win32-x86_64\bin;C:\Windows\SYSTEM32;C:\Windows\WinSxS\amd64_microsoft.windows.common-controls_6595b64144ccf1df_6.0.19041.3570_none_60bb2a3971f3e41a;c:\Users\Chanet Lanka\.vscode\extensions\redhat.java-1.23.0-win32-x64\jre\17.0.8.1-win32-x86_64\bin\server

VM Arguments:
jvm_args: -XX:+HeapDumpOnOutOfMemoryError -Xmx1024m -Dsts.lsp.client=vscode -Dsts.log.file=/dev/null -XX:TieredStopAtLevel=1 -Xlog:jni+resolve=off -Dspring.config.location=file:c:\Users\Chanet Lanka\.vscode\extensions\vmware.vscode-spring-boot-1.49.0\language-server\BOOT-INF\classes\application.properties 
java_command: org.springframework.ide.vscode.boot.app.BootLanguageServerBootApp
java_class_path (initial): c:\Users\Chanet Lanka\.vscode\extensions\vmware.vscode-spring-boot-1.49.0\language-server\BOOT-INF\classes;c:\Users\Chanet Lanka\.vscode\extensions\vmware.vscode-spring-boot-1.49.0\language-server\BOOT-INF\lib\annotations-24.0.1.jar;c:\Users\Chanet Lanka\.vscode\extensions\vmware.vscode-spring-boot-1.49.0\language-server\BOOT-INF\lib\antlr-runtime-3.5.3.jar;c:\Users\Chanet Lanka\.vscode\extensions\vmware.vscode-spring-boot-1.49.0\language-server\BOOT-INF\lib\antlr4-4.11.1.jar;c:\Users\Chanet Lanka\.vscode\extensions\vmware.vscode-spring-boot-1.49.0\language-server\BOOT-INF\lib\antlr4-runtime-4.11.1.jar;c:\Users\Chanet Lanka\.vscode\extensions\vmware.vscode-spring-boot-1.49.0\language-server\BOOT-INF\lib\archunit-1.1.0.jar;c:\Users\Chanet Lanka\.vscode\extensions\vmware.vscode-spring-boot-1.49.0\language-server\BOOT-INF\lib\asm-9.5.jar;c:\Users\Chanet Lanka\.vscode\extensions\vmware.vscode-spring-boot-1.49.0\language-server\BOOT-INF\lib\asm-analysis-9.5.jar;c:\Users\Chanet Lanka\.vscode\extensions\vmware.vscode-spring-boot-1.49.0\language-server\BOOT-INF\lib\asm-tree-9.5.jar;c:\Users\Chanet Lanka\.vscode\extensions\vmware.vscode-spring-boot-1.49.0\language-server\BOOT-INF\lib\asm-util-9.5.jar;c:\Users\Chanet Lanka\.vscode\extensions\vmware.vscode-spring-boot-1.49.0\language-server\BOOT-INF\lib\bosh-language-server-1.49.0-SNAPSHOT.jar;c:\Users\Chanet Lanka\.vscode\extensions\vmware.vscode-spring-boot-1.49.0\language-server\BOOT-INF\lib\caffeine-3.1.6.jar;c:\Users\Chanet Lanka\.vscode\extensions\vmware.vscode-spring-boot-1.49.0\language-server\BOOT-INF\lib\checker-qual-3.12.0.jar;c:\Users\Chanet Lanka\.vscode\extensions\vmware.vscode-spring-boot-1.49.0\language-server\BOOT-INF\lib\classgraph-4.8.149.jar;c:\Users\Chanet Lanka\.vscode\extensions\vmware.vscode-spring-boot-1.49.0\language-server\BOOT-INF\lib\commons-codec-1.15.jar;c:\Users\Chanet Lanka\.vscode\extensions\vmware.vscode-spring-boot-1.49.0\language-server\BOOT-INF\lib\commons-comp
Launcher Type: SUN_STANDARD

[Global flags]
     intx CICompilerCount                          = 2                                         {product} {ergonomic}
     uint ConcGCThreads                            = 1                                         {product} {ergonomic}
     uint G1ConcRefinementThreads                  = 2                                         {product} {ergonomic}
   size_t G1HeapRegionSize                         = 1048576                                   {product} {ergonomic}
    uintx GCDrainStackTargetSize                   = 64                                        {product} {ergonomic}
     bool HeapDumpOnOutOfMemoryError               = true                                   {manageable} {command line}
   size_t InitialHeapSize                          = 67108864                                  {product} {ergonomic}
   size_t MarkStackSize                            = 4194304                                   {product} {ergonomic}
   size_t MaxHeapSize                              = 1073741824                                {product} {command line}
   size_t MaxNewSize                               = 643825664                                 {product} {ergonomic}
   size_t MinHeapDeltaBytes                        = 1048576                                   {product} {ergonomic}
   size_t MinHeapSize                              = 8388608                                   {product} {ergonomic}
    uintx NonProfiledCodeHeapSize                  = 0                                      {pd product} {ergonomic}
     bool ProfileInterpreter                       = false                                  {pd product} {command line}
    uintx ProfiledCodeHeapSize                     = 0                                      {pd product} {ergonomic}
   size_t SoftMaxHeapSize                          = 1073741824                             {manageable} {ergonomic}
     intx TieredStopAtLevel                        = 1                                         {product} {command line}
     bool UseCompressedClassPointers               = true                           {product lp64_product} {ergonomic}
     bool UseCompressedOops                        = true                           {product lp64_product} {ergonomic}
     bool UseG1GC                                  = true                                      {product} {ergonomic}
     bool UseLargePagesIndividualAllocation        = false                                  {pd product} {ergonomic}

Logging:
Log output configuration:
 #0: stdout all=warning,jni+resolve=off uptime,level,tags
 #1: stderr all=off uptime,level,tags

Environment Variables:
JAVA_HOME=C:\Program Files\Java\jdk-17
PATH=C:\Program Files\Common Files\Oracle\Java\javapath;C:\Windows\system32;C:\Windows;C:\Windows\System32\Wbem;C:\Windows\System32\WindowsPowerShell\v1.0\;C:\Windows\System32\OpenSSH\;C:\Program Files\MySQL\MySQL Server 8.0\bin;C:\Program Files\Maven\apache-maven-3.9.4\bin;C:\Program Files\Git\cmd;C:\Program Files\Java\jdk-17\bin;C:\Program Files\nodejs\;C:\ProgramData\chocolatey\bin;C:\Program Files\MySQL\MySQL Shell 8.0\bin\;C:\Users\Chanet Lanka\AppData\Local\Microsoft\WindowsApps;;C:\Users\Chanet Lanka\AppData\Local\Programs\Microsoft VS Code\bin;C:\Users\Chanet Lanka\AppData\Roaming\npm
USERNAME=Prajeeth_W
OS=Windows_NT
PROCESSOR_IDENTIFIER=AMD64 Family 21 Model 112 Stepping 0, AuthenticAMD
TMP=C:\Users\CHANET~1\AppData\Local\Temp
TEMP=C:\Users\CHANET~1\AppData\Local\Temp



---------------  S Y S T E M  ---------------

OS:
 Windows 10 , 64 bit Build 19041 (10.0.19041.3570)
OS uptime: 4 days 22:46 hours

CPU: total 2 (initial active 2) (2 cores per cpu, 1 threads per core) family 21 model 112 stepping 0 microcode 0x0, cx8, cmov, fxsr, mmx, 3dnowpref, sse, sse2, sse3, ssse3, sse4a, sse4.1, sse4.2, popcnt, lzcnt, tsc, tscinvbit, avx, avx2, aes, clmul, bmi1, bmi2, fma, vzeroupper, clflush
Processor Information for all 2 processors :
  Max Mhz: 2600, Current Mhz: 2600, Mhz Limit: 2600

Memory: 4k page, system-wide physical 3979M (371M free)
TotalPageFile size 16267M (AvailPageFile size 197M)
current process WorkingSet (physical memory assigned to process): 38M, peak: 38M
current process commit charge ("private bytes"): 122M, peak: 122M

vm_info: OpenJDK 64-Bit Server VM (17.0.8.1+1) for windows-amd64 JRE (17.0.8.1+1), built on Aug 23 2023 15:29:17 by "admin" with MS VC++ 16.7 (VS2019)

END.
